<?xml version="1.0" encoding="UTF-8"?>
<testsuites name="jest tests" tests="451" failures="20" errors="0" time="9.474">
  <testsuite name="WebSocketServer" errors="0" failures="20" skipped="0" timestamp="2025-06-30T06:05:11" time="1.014" tests="20">
    <testcase classname="WebSocketServer Authentication should reject connection without token" name="WebSocketServer Authentication should reject connection without token" time="0.003">
      <failure>TypeError: this.opts.wsEngine is not a constructor
    at Server.init (/Users/subhajlimanond/dev/canva-beautifying/node_modules/engine.io/build/server.js:449:19)
    at new BaseServer (/Users/subhajlimanond/dev/canva-beautifying/node_modules/engine.io/build/server.js:68:14)
    at new Server (/Users/subhajlimanond/dev/canva-beautifying/node_modules/engine.io/build/server.js:438:1)
    at attach (/Users/subhajlimanond/dev/canva-beautifying/node_modules/engine.io/build/engine.io.js:51:20)
    at Server.initEngine (/Users/subhajlimanond/dev/canva-beautifying/node_modules/socket.io/dist/index.js:293:43)
    at Server.attach (/Users/subhajlimanond/dev/canva-beautifying/node_modules/socket.io/dist/index.js:232:14)
    at new Server (/Users/subhajlimanond/dev/canva-beautifying/node_modules/socket.io/dist/index.js:119:18)
    at WebSocketServer.initialize (/Users/subhajlimanond/dev/canva-beautifying/lib/websocket/server.ts:23:15)
    at Object.initialize (/Users/subhajlimanond/dev/canva-beautifying/lib/websocket/__tests__/server.test.ts:108:14)
    at Promise.then.completed (/Users/subhajlimanond/dev/canva-beautifying/node_modules/jest-circus/build/utils.js:290:26)
    at new Promise (&lt;anonymous&gt;)
    at callAsyncCircusFn (/Users/subhajlimanond/dev/canva-beautifying/node_modules/jest-circus/build/utils.js:231:10)
    at _callCircusHook (/Users/subhajlimanond/dev/canva-beautifying/node_modules/jest-circus/build/run.js:281:40)
    at processTicksAndRejections (node:internal/process/task_queues:105:5)
    at _runTest (/Users/subhajlimanond/dev/canva-beautifying/node_modules/jest-circus/build/run.js:246:5)
    at _runTestsForDescribeBlock (/Users/subhajlimanond/dev/canva-beautifying/node_modules/jest-circus/build/run.js:126:9)
    at _runTestsForDescribeBlock (/Users/subhajlimanond/dev/canva-beautifying/node_modules/jest-circus/build/run.js:121:9)
    at _runTestsForDescribeBlock (/Users/subhajlimanond/dev/canva-beautifying/node_modules/jest-circus/build/run.js:121:9)
    at run (/Users/subhajlimanond/dev/canva-beautifying/node_modules/jest-circus/build/run.js:71:3)
    at runAndTransformResultsToJestFormat (/Users/subhajlimanond/dev/canva-beautifying/node_modules/jest-circus/build/legacy-code-todo-rewrite/jestAdapterInit.js:122:21)
    at jestAdapter (/Users/subhajlimanond/dev/canva-beautifying/node_modules/jest-circus/build/legacy-code-todo-rewrite/jestAdapter.js:79:19)
    at runTestInternal (/Users/subhajlimanond/dev/canva-beautifying/node_modules/jest-runner/build/runTest.js:367:16)
    at runTest (/Users/subhajlimanond/dev/canva-beautifying/node_modules/jest-runner/build/runTest.js:444:34)
    at Object.worker (/Users/subhajlimanond/dev/canva-beautifying/node_modules/jest-runner/build/testWorker.js:106:12)</failure>
    </testcase>
    <testcase classname="WebSocketServer Authentication should reject connection with invalid token" name="WebSocketServer Authentication should reject connection with invalid token" time="0.001">
      <failure>TypeError: this.opts.wsEngine is not a constructor
    at Server.init (/Users/subhajlimanond/dev/canva-beautifying/node_modules/engine.io/build/server.js:449:19)
    at new BaseServer (/Users/subhajlimanond/dev/canva-beautifying/node_modules/engine.io/build/server.js:68:14)
    at new Server (/Users/subhajlimanond/dev/canva-beautifying/node_modules/engine.io/build/server.js:438:1)
    at attach (/Users/subhajlimanond/dev/canva-beautifying/node_modules/engine.io/build/engine.io.js:51:20)
    at Server.initEngine (/Users/subhajlimanond/dev/canva-beautifying/node_modules/socket.io/dist/index.js:293:43)
    at Server.attach (/Users/subhajlimanond/dev/canva-beautifying/node_modules/socket.io/dist/index.js:232:14)
    at new Server (/Users/subhajlimanond/dev/canva-beautifying/node_modules/socket.io/dist/index.js:119:18)
    at WebSocketServer.initialize (/Users/subhajlimanond/dev/canva-beautifying/lib/websocket/server.ts:23:15)
    at Object.initialize (/Users/subhajlimanond/dev/canva-beautifying/lib/websocket/__tests__/server.test.ts:108:14)
    at Promise.then.completed (/Users/subhajlimanond/dev/canva-beautifying/node_modules/jest-circus/build/utils.js:290:26)
    at new Promise (&lt;anonymous&gt;)
    at callAsyncCircusFn (/Users/subhajlimanond/dev/canva-beautifying/node_modules/jest-circus/build/utils.js:231:10)
    at _callCircusHook (/Users/subhajlimanond/dev/canva-beautifying/node_modules/jest-circus/build/run.js:281:40)
    at processTicksAndRejections (node:internal/process/task_queues:105:5)
    at _runTest (/Users/subhajlimanond/dev/canva-beautifying/node_modules/jest-circus/build/run.js:246:5)
    at _runTestsForDescribeBlock (/Users/subhajlimanond/dev/canva-beautifying/node_modules/jest-circus/build/run.js:126:9)
    at _runTestsForDescribeBlock (/Users/subhajlimanond/dev/canva-beautifying/node_modules/jest-circus/build/run.js:121:9)
    at _runTestsForDescribeBlock (/Users/subhajlimanond/dev/canva-beautifying/node_modules/jest-circus/build/run.js:121:9)
    at run (/Users/subhajlimanond/dev/canva-beautifying/node_modules/jest-circus/build/run.js:71:3)
    at runAndTransformResultsToJestFormat (/Users/subhajlimanond/dev/canva-beautifying/node_modules/jest-circus/build/legacy-code-todo-rewrite/jestAdapterInit.js:122:21)
    at jestAdapter (/Users/subhajlimanond/dev/canva-beautifying/node_modules/jest-circus/build/legacy-code-todo-rewrite/jestAdapter.js:79:19)
    at runTestInternal (/Users/subhajlimanond/dev/canva-beautifying/node_modules/jest-runner/build/runTest.js:367:16)
    at runTest (/Users/subhajlimanond/dev/canva-beautifying/node_modules/jest-runner/build/runTest.js:444:34)
    at Object.worker (/Users/subhajlimanond/dev/canva-beautifying/node_modules/jest-runner/build/testWorker.js:106:12)</failure>
    </testcase>
    <testcase classname="WebSocketServer Authentication should accept connection with valid token" name="WebSocketServer Authentication should accept connection with valid token" time="0.001">
      <failure>TypeError: this.opts.wsEngine is not a constructor
    at Server.init (/Users/subhajlimanond/dev/canva-beautifying/node_modules/engine.io/build/server.js:449:19)
    at new BaseServer (/Users/subhajlimanond/dev/canva-beautifying/node_modules/engine.io/build/server.js:68:14)
    at new Server (/Users/subhajlimanond/dev/canva-beautifying/node_modules/engine.io/build/server.js:438:1)
    at attach (/Users/subhajlimanond/dev/canva-beautifying/node_modules/engine.io/build/engine.io.js:51:20)
    at Server.initEngine (/Users/subhajlimanond/dev/canva-beautifying/node_modules/socket.io/dist/index.js:293:43)
    at Server.attach (/Users/subhajlimanond/dev/canva-beautifying/node_modules/socket.io/dist/index.js:232:14)
    at new Server (/Users/subhajlimanond/dev/canva-beautifying/node_modules/socket.io/dist/index.js:119:18)
    at WebSocketServer.initialize (/Users/subhajlimanond/dev/canva-beautifying/lib/websocket/server.ts:23:15)
    at Object.initialize (/Users/subhajlimanond/dev/canva-beautifying/lib/websocket/__tests__/server.test.ts:108:14)
    at Promise.then.completed (/Users/subhajlimanond/dev/canva-beautifying/node_modules/jest-circus/build/utils.js:290:26)
    at new Promise (&lt;anonymous&gt;)
    at callAsyncCircusFn (/Users/subhajlimanond/dev/canva-beautifying/node_modules/jest-circus/build/utils.js:231:10)
    at _callCircusHook (/Users/subhajlimanond/dev/canva-beautifying/node_modules/jest-circus/build/run.js:281:40)
    at processTicksAndRejections (node:internal/process/task_queues:105:5)
    at _runTest (/Users/subhajlimanond/dev/canva-beautifying/node_modules/jest-circus/build/run.js:246:5)
    at _runTestsForDescribeBlock (/Users/subhajlimanond/dev/canva-beautifying/node_modules/jest-circus/build/run.js:126:9)
    at _runTestsForDescribeBlock (/Users/subhajlimanond/dev/canva-beautifying/node_modules/jest-circus/build/run.js:121:9)
    at _runTestsForDescribeBlock (/Users/subhajlimanond/dev/canva-beautifying/node_modules/jest-circus/build/run.js:121:9)
    at run (/Users/subhajlimanond/dev/canva-beautifying/node_modules/jest-circus/build/run.js:71:3)
    at runAndTransformResultsToJestFormat (/Users/subhajlimanond/dev/canva-beautifying/node_modules/jest-circus/build/legacy-code-todo-rewrite/jestAdapterInit.js:122:21)
    at jestAdapter (/Users/subhajlimanond/dev/canva-beautifying/node_modules/jest-circus/build/legacy-code-todo-rewrite/jestAdapter.js:79:19)
    at runTestInternal (/Users/subhajlimanond/dev/canva-beautifying/node_modules/jest-runner/build/runTest.js:367:16)
    at runTest (/Users/subhajlimanond/dev/canva-beautifying/node_modules/jest-runner/build/runTest.js:444:34)
    at Object.worker (/Users/subhajlimanond/dev/canva-beautifying/node_modules/jest-runner/build/testWorker.js:106:12)</failure>
    </testcase>
    <testcase classname="WebSocketServer Document Subscriptions should allow user to subscribe to their own document" name="WebSocketServer Document Subscriptions should allow user to subscribe to their own document" time="0">
      <failure>TypeError: this.opts.wsEngine is not a constructor
    at Server.init (/Users/subhajlimanond/dev/canva-beautifying/node_modules/engine.io/build/server.js:449:19)
    at new BaseServer (/Users/subhajlimanond/dev/canva-beautifying/node_modules/engine.io/build/server.js:68:14)
    at new Server (/Users/subhajlimanond/dev/canva-beautifying/node_modules/engine.io/build/server.js:438:1)
    at attach (/Users/subhajlimanond/dev/canva-beautifying/node_modules/engine.io/build/engine.io.js:51:20)
    at Server.initEngine (/Users/subhajlimanond/dev/canva-beautifying/node_modules/socket.io/dist/index.js:293:43)
    at Server.attach (/Users/subhajlimanond/dev/canva-beautifying/node_modules/socket.io/dist/index.js:232:14)
    at new Server (/Users/subhajlimanond/dev/canva-beautifying/node_modules/socket.io/dist/index.js:119:18)
    at WebSocketServer.initialize (/Users/subhajlimanond/dev/canva-beautifying/lib/websocket/server.ts:23:15)
    at Object.initialize (/Users/subhajlimanond/dev/canva-beautifying/lib/websocket/__tests__/server.test.ts:108:14)
    at Promise.then.completed (/Users/subhajlimanond/dev/canva-beautifying/node_modules/jest-circus/build/utils.js:290:26)
    at new Promise (&lt;anonymous&gt;)
    at callAsyncCircusFn (/Users/subhajlimanond/dev/canva-beautifying/node_modules/jest-circus/build/utils.js:231:10)
    at _callCircusHook (/Users/subhajlimanond/dev/canva-beautifying/node_modules/jest-circus/build/run.js:281:40)
    at processTicksAndRejections (node:internal/process/task_queues:105:5)
    at _runTest (/Users/subhajlimanond/dev/canva-beautifying/node_modules/jest-circus/build/run.js:246:5)
    at _runTestsForDescribeBlock (/Users/subhajlimanond/dev/canva-beautifying/node_modules/jest-circus/build/run.js:126:9)
    at _runTestsForDescribeBlock (/Users/subhajlimanond/dev/canva-beautifying/node_modules/jest-circus/build/run.js:121:9)
    at _runTestsForDescribeBlock (/Users/subhajlimanond/dev/canva-beautifying/node_modules/jest-circus/build/run.js:121:9)
    at run (/Users/subhajlimanond/dev/canva-beautifying/node_modules/jest-circus/build/run.js:71:3)
    at runAndTransformResultsToJestFormat (/Users/subhajlimanond/dev/canva-beautifying/node_modules/jest-circus/build/legacy-code-todo-rewrite/jestAdapterInit.js:122:21)
    at jestAdapter (/Users/subhajlimanond/dev/canva-beautifying/node_modules/jest-circus/build/legacy-code-todo-rewrite/jestAdapter.js:79:19)
    at runTestInternal (/Users/subhajlimanond/dev/canva-beautifying/node_modules/jest-runner/build/runTest.js:367:16)
    at runTest (/Users/subhajlimanond/dev/canva-beautifying/node_modules/jest-runner/build/runTest.js:444:34)
    at Object.worker (/Users/subhajlimanond/dev/canva-beautifying/node_modules/jest-runner/build/testWorker.js:106:12)</failure>
    </testcase>
    <testcase classname="WebSocketServer Document Subscriptions should not allow user to subscribe to document they do not own" name="WebSocketServer Document Subscriptions should not allow user to subscribe to document they do not own" time="0.001">
      <failure>TypeError: this.opts.wsEngine is not a constructor
    at Server.init (/Users/subhajlimanond/dev/canva-beautifying/node_modules/engine.io/build/server.js:449:19)
    at new BaseServer (/Users/subhajlimanond/dev/canva-beautifying/node_modules/engine.io/build/server.js:68:14)
    at new Server (/Users/subhajlimanond/dev/canva-beautifying/node_modules/engine.io/build/server.js:438:1)
    at attach (/Users/subhajlimanond/dev/canva-beautifying/node_modules/engine.io/build/engine.io.js:51:20)
    at Server.initEngine (/Users/subhajlimanond/dev/canva-beautifying/node_modules/socket.io/dist/index.js:293:43)
    at Server.attach (/Users/subhajlimanond/dev/canva-beautifying/node_modules/socket.io/dist/index.js:232:14)
    at new Server (/Users/subhajlimanond/dev/canva-beautifying/node_modules/socket.io/dist/index.js:119:18)
    at WebSocketServer.initialize (/Users/subhajlimanond/dev/canva-beautifying/lib/websocket/server.ts:23:15)
    at Object.initialize (/Users/subhajlimanond/dev/canva-beautifying/lib/websocket/__tests__/server.test.ts:108:14)
    at Promise.then.completed (/Users/subhajlimanond/dev/canva-beautifying/node_modules/jest-circus/build/utils.js:290:26)
    at new Promise (&lt;anonymous&gt;)
    at callAsyncCircusFn (/Users/subhajlimanond/dev/canva-beautifying/node_modules/jest-circus/build/utils.js:231:10)
    at _callCircusHook (/Users/subhajlimanond/dev/canva-beautifying/node_modules/jest-circus/build/run.js:281:40)
    at processTicksAndRejections (node:internal/process/task_queues:105:5)
    at _runTest (/Users/subhajlimanond/dev/canva-beautifying/node_modules/jest-circus/build/run.js:246:5)
    at _runTestsForDescribeBlock (/Users/subhajlimanond/dev/canva-beautifying/node_modules/jest-circus/build/run.js:126:9)
    at _runTestsForDescribeBlock (/Users/subhajlimanond/dev/canva-beautifying/node_modules/jest-circus/build/run.js:121:9)
    at _runTestsForDescribeBlock (/Users/subhajlimanond/dev/canva-beautifying/node_modules/jest-circus/build/run.js:121:9)
    at run (/Users/subhajlimanond/dev/canva-beautifying/node_modules/jest-circus/build/run.js:71:3)
    at runAndTransformResultsToJestFormat (/Users/subhajlimanond/dev/canva-beautifying/node_modules/jest-circus/build/legacy-code-todo-rewrite/jestAdapterInit.js:122:21)
    at jestAdapter (/Users/subhajlimanond/dev/canva-beautifying/node_modules/jest-circus/build/legacy-code-todo-rewrite/jestAdapter.js:79:19)
    at runTestInternal (/Users/subhajlimanond/dev/canva-beautifying/node_modules/jest-runner/build/runTest.js:367:16)
    at runTest (/Users/subhajlimanond/dev/canva-beautifying/node_modules/jest-runner/build/runTest.js:444:34)
    at Object.worker (/Users/subhajlimanond/dev/canva-beautifying/node_modules/jest-runner/build/testWorker.js:106:12)</failure>
    </testcase>
    <testcase classname="WebSocketServer Document Subscriptions should handle unsubscribe from document" name="WebSocketServer Document Subscriptions should handle unsubscribe from document" time="0">
      <failure>TypeError: this.opts.wsEngine is not a constructor
    at Server.init (/Users/subhajlimanond/dev/canva-beautifying/node_modules/engine.io/build/server.js:449:19)
    at new BaseServer (/Users/subhajlimanond/dev/canva-beautifying/node_modules/engine.io/build/server.js:68:14)
    at new Server (/Users/subhajlimanond/dev/canva-beautifying/node_modules/engine.io/build/server.js:438:1)
    at attach (/Users/subhajlimanond/dev/canva-beautifying/node_modules/engine.io/build/engine.io.js:51:20)
    at Server.initEngine (/Users/subhajlimanond/dev/canva-beautifying/node_modules/socket.io/dist/index.js:293:43)
    at Server.attach (/Users/subhajlimanond/dev/canva-beautifying/node_modules/socket.io/dist/index.js:232:14)
    at new Server (/Users/subhajlimanond/dev/canva-beautifying/node_modules/socket.io/dist/index.js:119:18)
    at WebSocketServer.initialize (/Users/subhajlimanond/dev/canva-beautifying/lib/websocket/server.ts:23:15)
    at Object.initialize (/Users/subhajlimanond/dev/canva-beautifying/lib/websocket/__tests__/server.test.ts:108:14)
    at Promise.then.completed (/Users/subhajlimanond/dev/canva-beautifying/node_modules/jest-circus/build/utils.js:290:26)
    at new Promise (&lt;anonymous&gt;)
    at callAsyncCircusFn (/Users/subhajlimanond/dev/canva-beautifying/node_modules/jest-circus/build/utils.js:231:10)
    at _callCircusHook (/Users/subhajlimanond/dev/canva-beautifying/node_modules/jest-circus/build/run.js:281:40)
    at processTicksAndRejections (node:internal/process/task_queues:105:5)
    at _runTest (/Users/subhajlimanond/dev/canva-beautifying/node_modules/jest-circus/build/run.js:246:5)
    at _runTestsForDescribeBlock (/Users/subhajlimanond/dev/canva-beautifying/node_modules/jest-circus/build/run.js:126:9)
    at _runTestsForDescribeBlock (/Users/subhajlimanond/dev/canva-beautifying/node_modules/jest-circus/build/run.js:121:9)
    at _runTestsForDescribeBlock (/Users/subhajlimanond/dev/canva-beautifying/node_modules/jest-circus/build/run.js:121:9)
    at run (/Users/subhajlimanond/dev/canva-beautifying/node_modules/jest-circus/build/run.js:71:3)
    at runAndTransformResultsToJestFormat (/Users/subhajlimanond/dev/canva-beautifying/node_modules/jest-circus/build/legacy-code-todo-rewrite/jestAdapterInit.js:122:21)
    at jestAdapter (/Users/subhajlimanond/dev/canva-beautifying/node_modules/jest-circus/build/legacy-code-todo-rewrite/jestAdapter.js:79:19)
    at runTestInternal (/Users/subhajlimanond/dev/canva-beautifying/node_modules/jest-runner/build/runTest.js:367:16)
    at runTest (/Users/subhajlimanond/dev/canva-beautifying/node_modules/jest-runner/build/runTest.js:444:34)
    at Object.worker (/Users/subhajlimanond/dev/canva-beautifying/node_modules/jest-runner/build/testWorker.js:106:12)</failure>
    </testcase>
    <testcase classname="WebSocketServer User Subscriptions should allow user to subscribe to their own updates" name="WebSocketServer User Subscriptions should allow user to subscribe to their own updates" time="0">
      <failure>TypeError: this.opts.wsEngine is not a constructor
    at Server.init (/Users/subhajlimanond/dev/canva-beautifying/node_modules/engine.io/build/server.js:449:19)
    at new BaseServer (/Users/subhajlimanond/dev/canva-beautifying/node_modules/engine.io/build/server.js:68:14)
    at new Server (/Users/subhajlimanond/dev/canva-beautifying/node_modules/engine.io/build/server.js:438:1)
    at attach (/Users/subhajlimanond/dev/canva-beautifying/node_modules/engine.io/build/engine.io.js:51:20)
    at Server.initEngine (/Users/subhajlimanond/dev/canva-beautifying/node_modules/socket.io/dist/index.js:293:43)
    at Server.attach (/Users/subhajlimanond/dev/canva-beautifying/node_modules/socket.io/dist/index.js:232:14)
    at new Server (/Users/subhajlimanond/dev/canva-beautifying/node_modules/socket.io/dist/index.js:119:18)
    at WebSocketServer.initialize (/Users/subhajlimanond/dev/canva-beautifying/lib/websocket/server.ts:23:15)
    at Object.initialize (/Users/subhajlimanond/dev/canva-beautifying/lib/websocket/__tests__/server.test.ts:108:14)
    at Promise.then.completed (/Users/subhajlimanond/dev/canva-beautifying/node_modules/jest-circus/build/utils.js:290:26)
    at new Promise (&lt;anonymous&gt;)
    at callAsyncCircusFn (/Users/subhajlimanond/dev/canva-beautifying/node_modules/jest-circus/build/utils.js:231:10)
    at _callCircusHook (/Users/subhajlimanond/dev/canva-beautifying/node_modules/jest-circus/build/run.js:281:40)
    at processTicksAndRejections (node:internal/process/task_queues:105:5)
    at _runTest (/Users/subhajlimanond/dev/canva-beautifying/node_modules/jest-circus/build/run.js:246:5)
    at _runTestsForDescribeBlock (/Users/subhajlimanond/dev/canva-beautifying/node_modules/jest-circus/build/run.js:126:9)
    at _runTestsForDescribeBlock (/Users/subhajlimanond/dev/canva-beautifying/node_modules/jest-circus/build/run.js:121:9)
    at _runTestsForDescribeBlock (/Users/subhajlimanond/dev/canva-beautifying/node_modules/jest-circus/build/run.js:121:9)
    at run (/Users/subhajlimanond/dev/canva-beautifying/node_modules/jest-circus/build/run.js:71:3)
    at runAndTransformResultsToJestFormat (/Users/subhajlimanond/dev/canva-beautifying/node_modules/jest-circus/build/legacy-code-todo-rewrite/jestAdapterInit.js:122:21)
    at jestAdapter (/Users/subhajlimanond/dev/canva-beautifying/node_modules/jest-circus/build/legacy-code-todo-rewrite/jestAdapter.js:79:19)
    at runTestInternal (/Users/subhajlimanond/dev/canva-beautifying/node_modules/jest-runner/build/runTest.js:367:16)
    at runTest (/Users/subhajlimanond/dev/canva-beautifying/node_modules/jest-runner/build/runTest.js:444:34)
    at Object.worker (/Users/subhajlimanond/dev/canva-beautifying/node_modules/jest-runner/build/testWorker.js:106:12)</failure>
    </testcase>
    <testcase classname="WebSocketServer User Subscriptions should not allow user to subscribe to other users" name="WebSocketServer User Subscriptions should not allow user to subscribe to other users" time="0">
      <failure>TypeError: this.opts.wsEngine is not a constructor
    at Server.init (/Users/subhajlimanond/dev/canva-beautifying/node_modules/engine.io/build/server.js:449:19)
    at new BaseServer (/Users/subhajlimanond/dev/canva-beautifying/node_modules/engine.io/build/server.js:68:14)
    at new Server (/Users/subhajlimanond/dev/canva-beautifying/node_modules/engine.io/build/server.js:438:1)
    at attach (/Users/subhajlimanond/dev/canva-beautifying/node_modules/engine.io/build/engine.io.js:51:20)
    at Server.initEngine (/Users/subhajlimanond/dev/canva-beautifying/node_modules/socket.io/dist/index.js:293:43)
    at Server.attach (/Users/subhajlimanond/dev/canva-beautifying/node_modules/socket.io/dist/index.js:232:14)
    at new Server (/Users/subhajlimanond/dev/canva-beautifying/node_modules/socket.io/dist/index.js:119:18)
    at WebSocketServer.initialize (/Users/subhajlimanond/dev/canva-beautifying/lib/websocket/server.ts:23:15)
    at Object.initialize (/Users/subhajlimanond/dev/canva-beautifying/lib/websocket/__tests__/server.test.ts:108:14)
    at Promise.then.completed (/Users/subhajlimanond/dev/canva-beautifying/node_modules/jest-circus/build/utils.js:290:26)
    at new Promise (&lt;anonymous&gt;)
    at callAsyncCircusFn (/Users/subhajlimanond/dev/canva-beautifying/node_modules/jest-circus/build/utils.js:231:10)
    at _callCircusHook (/Users/subhajlimanond/dev/canva-beautifying/node_modules/jest-circus/build/run.js:281:40)
    at processTicksAndRejections (node:internal/process/task_queues:105:5)
    at _runTest (/Users/subhajlimanond/dev/canva-beautifying/node_modules/jest-circus/build/run.js:246:5)
    at _runTestsForDescribeBlock (/Users/subhajlimanond/dev/canva-beautifying/node_modules/jest-circus/build/run.js:126:9)
    at _runTestsForDescribeBlock (/Users/subhajlimanond/dev/canva-beautifying/node_modules/jest-circus/build/run.js:121:9)
    at _runTestsForDescribeBlock (/Users/subhajlimanond/dev/canva-beautifying/node_modules/jest-circus/build/run.js:121:9)
    at run (/Users/subhajlimanond/dev/canva-beautifying/node_modules/jest-circus/build/run.js:71:3)
    at runAndTransformResultsToJestFormat (/Users/subhajlimanond/dev/canva-beautifying/node_modules/jest-circus/build/legacy-code-todo-rewrite/jestAdapterInit.js:122:21)
    at jestAdapter (/Users/subhajlimanond/dev/canva-beautifying/node_modules/jest-circus/build/legacy-code-todo-rewrite/jestAdapter.js:79:19)
    at runTestInternal (/Users/subhajlimanond/dev/canva-beautifying/node_modules/jest-runner/build/runTest.js:367:16)
    at runTest (/Users/subhajlimanond/dev/canva-beautifying/node_modules/jest-runner/build/runTest.js:444:34)
    at Object.worker (/Users/subhajlimanond/dev/canva-beautifying/node_modules/jest-runner/build/testWorker.js:106:12)</failure>
    </testcase>
    <testcase classname="WebSocketServer Progress Updates should send enhancement progress updates" name="WebSocketServer Progress Updates should send enhancement progress updates" time="0">
      <failure>TypeError: this.opts.wsEngine is not a constructor
    at Server.init (/Users/subhajlimanond/dev/canva-beautifying/node_modules/engine.io/build/server.js:449:19)
    at new BaseServer (/Users/subhajlimanond/dev/canva-beautifying/node_modules/engine.io/build/server.js:68:14)
    at new Server (/Users/subhajlimanond/dev/canva-beautifying/node_modules/engine.io/build/server.js:438:1)
    at attach (/Users/subhajlimanond/dev/canva-beautifying/node_modules/engine.io/build/engine.io.js:51:20)
    at Server.initEngine (/Users/subhajlimanond/dev/canva-beautifying/node_modules/socket.io/dist/index.js:293:43)
    at Server.attach (/Users/subhajlimanond/dev/canva-beautifying/node_modules/socket.io/dist/index.js:232:14)
    at new Server (/Users/subhajlimanond/dev/canva-beautifying/node_modules/socket.io/dist/index.js:119:18)
    at WebSocketServer.initialize (/Users/subhajlimanond/dev/canva-beautifying/lib/websocket/server.ts:23:15)
    at Object.initialize (/Users/subhajlimanond/dev/canva-beautifying/lib/websocket/__tests__/server.test.ts:108:14)
    at Promise.then.completed (/Users/subhajlimanond/dev/canva-beautifying/node_modules/jest-circus/build/utils.js:290:26)
    at new Promise (&lt;anonymous&gt;)
    at callAsyncCircusFn (/Users/subhajlimanond/dev/canva-beautifying/node_modules/jest-circus/build/utils.js:231:10)
    at _callCircusHook (/Users/subhajlimanond/dev/canva-beautifying/node_modules/jest-circus/build/run.js:281:40)
    at processTicksAndRejections (node:internal/process/task_queues:105:5)
    at _runTest (/Users/subhajlimanond/dev/canva-beautifying/node_modules/jest-circus/build/run.js:246:5)
    at _runTestsForDescribeBlock (/Users/subhajlimanond/dev/canva-beautifying/node_modules/jest-circus/build/run.js:126:9)
    at _runTestsForDescribeBlock (/Users/subhajlimanond/dev/canva-beautifying/node_modules/jest-circus/build/run.js:121:9)
    at _runTestsForDescribeBlock (/Users/subhajlimanond/dev/canva-beautifying/node_modules/jest-circus/build/run.js:121:9)
    at run (/Users/subhajlimanond/dev/canva-beautifying/node_modules/jest-circus/build/run.js:71:3)
    at runAndTransformResultsToJestFormat (/Users/subhajlimanond/dev/canva-beautifying/node_modules/jest-circus/build/legacy-code-todo-rewrite/jestAdapterInit.js:122:21)
    at jestAdapter (/Users/subhajlimanond/dev/canva-beautifying/node_modules/jest-circus/build/legacy-code-todo-rewrite/jestAdapter.js:79:19)
    at runTestInternal (/Users/subhajlimanond/dev/canva-beautifying/node_modules/jest-runner/build/runTest.js:367:16)
    at runTest (/Users/subhajlimanond/dev/canva-beautifying/node_modules/jest-runner/build/runTest.js:444:34)
    at Object.worker (/Users/subhajlimanond/dev/canva-beautifying/node_modules/jest-runner/build/testWorker.js:106:12)</failure>
    </testcase>
    <testcase classname="WebSocketServer Progress Updates should send job completed updates with notification" name="WebSocketServer Progress Updates should send job completed updates with notification" time="0">
      <failure>TypeError: this.opts.wsEngine is not a constructor
    at Server.init (/Users/subhajlimanond/dev/canva-beautifying/node_modules/engine.io/build/server.js:449:19)
    at new BaseServer (/Users/subhajlimanond/dev/canva-beautifying/node_modules/engine.io/build/server.js:68:14)
    at new Server (/Users/subhajlimanond/dev/canva-beautifying/node_modules/engine.io/build/server.js:438:1)
    at attach (/Users/subhajlimanond/dev/canva-beautifying/node_modules/engine.io/build/engine.io.js:51:20)
    at Server.initEngine (/Users/subhajlimanond/dev/canva-beautifying/node_modules/socket.io/dist/index.js:293:43)
    at Server.attach (/Users/subhajlimanond/dev/canva-beautifying/node_modules/socket.io/dist/index.js:232:14)
    at new Server (/Users/subhajlimanond/dev/canva-beautifying/node_modules/socket.io/dist/index.js:119:18)
    at WebSocketServer.initialize (/Users/subhajlimanond/dev/canva-beautifying/lib/websocket/server.ts:23:15)
    at Object.initialize (/Users/subhajlimanond/dev/canva-beautifying/lib/websocket/__tests__/server.test.ts:108:14)
    at Promise.then.completed (/Users/subhajlimanond/dev/canva-beautifying/node_modules/jest-circus/build/utils.js:290:26)
    at new Promise (&lt;anonymous&gt;)
    at callAsyncCircusFn (/Users/subhajlimanond/dev/canva-beautifying/node_modules/jest-circus/build/utils.js:231:10)
    at _callCircusHook (/Users/subhajlimanond/dev/canva-beautifying/node_modules/jest-circus/build/run.js:281:40)
    at processTicksAndRejections (node:internal/process/task_queues:105:5)
    at _runTest (/Users/subhajlimanond/dev/canva-beautifying/node_modules/jest-circus/build/run.js:246:5)
    at _runTestsForDescribeBlock (/Users/subhajlimanond/dev/canva-beautifying/node_modules/jest-circus/build/run.js:126:9)
    at _runTestsForDescribeBlock (/Users/subhajlimanond/dev/canva-beautifying/node_modules/jest-circus/build/run.js:121:9)
    at _runTestsForDescribeBlock (/Users/subhajlimanond/dev/canva-beautifying/node_modules/jest-circus/build/run.js:121:9)
    at run (/Users/subhajlimanond/dev/canva-beautifying/node_modules/jest-circus/build/run.js:71:3)
    at runAndTransformResultsToJestFormat (/Users/subhajlimanond/dev/canva-beautifying/node_modules/jest-circus/build/legacy-code-todo-rewrite/jestAdapterInit.js:122:21)
    at jestAdapter (/Users/subhajlimanond/dev/canva-beautifying/node_modules/jest-circus/build/legacy-code-todo-rewrite/jestAdapter.js:79:19)
    at runTestInternal (/Users/subhajlimanond/dev/canva-beautifying/node_modules/jest-runner/build/runTest.js:367:16)
    at runTest (/Users/subhajlimanond/dev/canva-beautifying/node_modules/jest-runner/build/runTest.js:444:34)
    at Object.worker (/Users/subhajlimanond/dev/canva-beautifying/node_modules/jest-runner/build/testWorker.js:106:12)</failure>
    </testcase>
    <testcase classname="WebSocketServer Progress Updates should send job failed updates with notification" name="WebSocketServer Progress Updates should send job failed updates with notification" time="0">
      <failure>TypeError: this.opts.wsEngine is not a constructor
    at Server.init (/Users/subhajlimanond/dev/canva-beautifying/node_modules/engine.io/build/server.js:449:19)
    at new BaseServer (/Users/subhajlimanond/dev/canva-beautifying/node_modules/engine.io/build/server.js:68:14)
    at new Server (/Users/subhajlimanond/dev/canva-beautifying/node_modules/engine.io/build/server.js:438:1)
    at attach (/Users/subhajlimanond/dev/canva-beautifying/node_modules/engine.io/build/engine.io.js:51:20)
    at Server.initEngine (/Users/subhajlimanond/dev/canva-beautifying/node_modules/socket.io/dist/index.js:293:43)
    at Server.attach (/Users/subhajlimanond/dev/canva-beautifying/node_modules/socket.io/dist/index.js:232:14)
    at new Server (/Users/subhajlimanond/dev/canva-beautifying/node_modules/socket.io/dist/index.js:119:18)
    at WebSocketServer.initialize (/Users/subhajlimanond/dev/canva-beautifying/lib/websocket/server.ts:23:15)
    at Object.initialize (/Users/subhajlimanond/dev/canva-beautifying/lib/websocket/__tests__/server.test.ts:108:14)
    at Promise.then.completed (/Users/subhajlimanond/dev/canva-beautifying/node_modules/jest-circus/build/utils.js:290:26)
    at new Promise (&lt;anonymous&gt;)
    at callAsyncCircusFn (/Users/subhajlimanond/dev/canva-beautifying/node_modules/jest-circus/build/utils.js:231:10)
    at _callCircusHook (/Users/subhajlimanond/dev/canva-beautifying/node_modules/jest-circus/build/run.js:281:40)
    at processTicksAndRejections (node:internal/process/task_queues:105:5)
    at _runTest (/Users/subhajlimanond/dev/canva-beautifying/node_modules/jest-circus/build/run.js:246:5)
    at _runTestsForDescribeBlock (/Users/subhajlimanond/dev/canva-beautifying/node_modules/jest-circus/build/run.js:126:9)
    at _runTestsForDescribeBlock (/Users/subhajlimanond/dev/canva-beautifying/node_modules/jest-circus/build/run.js:121:9)
    at _runTestsForDescribeBlock (/Users/subhajlimanond/dev/canva-beautifying/node_modules/jest-circus/build/run.js:121:9)
    at run (/Users/subhajlimanond/dev/canva-beautifying/node_modules/jest-circus/build/run.js:71:3)
    at runAndTransformResultsToJestFormat (/Users/subhajlimanond/dev/canva-beautifying/node_modules/jest-circus/build/legacy-code-todo-rewrite/jestAdapterInit.js:122:21)
    at jestAdapter (/Users/subhajlimanond/dev/canva-beautifying/node_modules/jest-circus/build/legacy-code-todo-rewrite/jestAdapter.js:79:19)
    at runTestInternal (/Users/subhajlimanond/dev/canva-beautifying/node_modules/jest-runner/build/runTest.js:367:16)
    at runTest (/Users/subhajlimanond/dev/canva-beautifying/node_modules/jest-runner/build/runTest.js:444:34)
    at Object.worker (/Users/subhajlimanond/dev/canva-beautifying/node_modules/jest-runner/build/testWorker.js:106:12)</failure>
    </testcase>
    <testcase classname="WebSocketServer Progress Updates should send queue position updates" name="WebSocketServer Progress Updates should send queue position updates" time="0">
      <failure>TypeError: this.opts.wsEngine is not a constructor
    at Server.init (/Users/subhajlimanond/dev/canva-beautifying/node_modules/engine.io/build/server.js:449:19)
    at new BaseServer (/Users/subhajlimanond/dev/canva-beautifying/node_modules/engine.io/build/server.js:68:14)
    at new Server (/Users/subhajlimanond/dev/canva-beautifying/node_modules/engine.io/build/server.js:438:1)
    at attach (/Users/subhajlimanond/dev/canva-beautifying/node_modules/engine.io/build/engine.io.js:51:20)
    at Server.initEngine (/Users/subhajlimanond/dev/canva-beautifying/node_modules/socket.io/dist/index.js:293:43)
    at Server.attach (/Users/subhajlimanond/dev/canva-beautifying/node_modules/socket.io/dist/index.js:232:14)
    at new Server (/Users/subhajlimanond/dev/canva-beautifying/node_modules/socket.io/dist/index.js:119:18)
    at WebSocketServer.initialize (/Users/subhajlimanond/dev/canva-beautifying/lib/websocket/server.ts:23:15)
    at Object.initialize (/Users/subhajlimanond/dev/canva-beautifying/lib/websocket/__tests__/server.test.ts:108:14)
    at Promise.then.completed (/Users/subhajlimanond/dev/canva-beautifying/node_modules/jest-circus/build/utils.js:290:26)
    at new Promise (&lt;anonymous&gt;)
    at callAsyncCircusFn (/Users/subhajlimanond/dev/canva-beautifying/node_modules/jest-circus/build/utils.js:231:10)
    at _callCircusHook (/Users/subhajlimanond/dev/canva-beautifying/node_modules/jest-circus/build/run.js:281:40)
    at processTicksAndRejections (node:internal/process/task_queues:105:5)
    at _runTest (/Users/subhajlimanond/dev/canva-beautifying/node_modules/jest-circus/build/run.js:246:5)
    at _runTestsForDescribeBlock (/Users/subhajlimanond/dev/canva-beautifying/node_modules/jest-circus/build/run.js:126:9)
    at _runTestsForDescribeBlock (/Users/subhajlimanond/dev/canva-beautifying/node_modules/jest-circus/build/run.js:121:9)
    at _runTestsForDescribeBlock (/Users/subhajlimanond/dev/canva-beautifying/node_modules/jest-circus/build/run.js:121:9)
    at run (/Users/subhajlimanond/dev/canva-beautifying/node_modules/jest-circus/build/run.js:71:3)
    at runAndTransformResultsToJestFormat (/Users/subhajlimanond/dev/canva-beautifying/node_modules/jest-circus/build/legacy-code-todo-rewrite/jestAdapterInit.js:122:21)
    at jestAdapter (/Users/subhajlimanond/dev/canva-beautifying/node_modules/jest-circus/build/legacy-code-todo-rewrite/jestAdapter.js:79:19)
    at runTestInternal (/Users/subhajlimanond/dev/canva-beautifying/node_modules/jest-runner/build/runTest.js:367:16)
    at runTest (/Users/subhajlimanond/dev/canva-beautifying/node_modules/jest-runner/build/runTest.js:444:34)
    at Object.worker (/Users/subhajlimanond/dev/canva-beautifying/node_modules/jest-runner/build/testWorker.js:106:12)</failure>
    </testcase>
    <testcase classname="WebSocketServer Batch Updates should send batch updates to subscribed users" name="WebSocketServer Batch Updates should send batch updates to subscribed users" time="0">
      <failure>TypeError: this.opts.wsEngine is not a constructor
    at Server.init (/Users/subhajlimanond/dev/canva-beautifying/node_modules/engine.io/build/server.js:449:19)
    at new BaseServer (/Users/subhajlimanond/dev/canva-beautifying/node_modules/engine.io/build/server.js:68:14)
    at new Server (/Users/subhajlimanond/dev/canva-beautifying/node_modules/engine.io/build/server.js:438:1)
    at attach (/Users/subhajlimanond/dev/canva-beautifying/node_modules/engine.io/build/engine.io.js:51:20)
    at Server.initEngine (/Users/subhajlimanond/dev/canva-beautifying/node_modules/socket.io/dist/index.js:293:43)
    at Server.attach (/Users/subhajlimanond/dev/canva-beautifying/node_modules/socket.io/dist/index.js:232:14)
    at new Server (/Users/subhajlimanond/dev/canva-beautifying/node_modules/socket.io/dist/index.js:119:18)
    at WebSocketServer.initialize (/Users/subhajlimanond/dev/canva-beautifying/lib/websocket/server.ts:23:15)
    at Object.initialize (/Users/subhajlimanond/dev/canva-beautifying/lib/websocket/__tests__/server.test.ts:108:14)
    at Promise.then.completed (/Users/subhajlimanond/dev/canva-beautifying/node_modules/jest-circus/build/utils.js:290:26)
    at new Promise (&lt;anonymous&gt;)
    at callAsyncCircusFn (/Users/subhajlimanond/dev/canva-beautifying/node_modules/jest-circus/build/utils.js:231:10)
    at _callCircusHook (/Users/subhajlimanond/dev/canva-beautifying/node_modules/jest-circus/build/run.js:281:40)
    at processTicksAndRejections (node:internal/process/task_queues:105:5)
    at _runTest (/Users/subhajlimanond/dev/canva-beautifying/node_modules/jest-circus/build/run.js:246:5)
    at _runTestsForDescribeBlock (/Users/subhajlimanond/dev/canva-beautifying/node_modules/jest-circus/build/run.js:126:9)
    at _runTestsForDescribeBlock (/Users/subhajlimanond/dev/canva-beautifying/node_modules/jest-circus/build/run.js:121:9)
    at _runTestsForDescribeBlock (/Users/subhajlimanond/dev/canva-beautifying/node_modules/jest-circus/build/run.js:121:9)
    at run (/Users/subhajlimanond/dev/canva-beautifying/node_modules/jest-circus/build/run.js:71:3)
    at runAndTransformResultsToJestFormat (/Users/subhajlimanond/dev/canva-beautifying/node_modules/jest-circus/build/legacy-code-todo-rewrite/jestAdapterInit.js:122:21)
    at jestAdapter (/Users/subhajlimanond/dev/canva-beautifying/node_modules/jest-circus/build/legacy-code-todo-rewrite/jestAdapter.js:79:19)
    at runTestInternal (/Users/subhajlimanond/dev/canva-beautifying/node_modules/jest-runner/build/runTest.js:367:16)
    at runTest (/Users/subhajlimanond/dev/canva-beautifying/node_modules/jest-runner/build/runTest.js:444:34)
    at Object.worker (/Users/subhajlimanond/dev/canva-beautifying/node_modules/jest-runner/build/testWorker.js:106:12)</failure>
    </testcase>
    <testcase classname="WebSocketServer Connection Management should handle ping messages" name="WebSocketServer Connection Management should handle ping messages" time="0">
      <failure>TypeError: this.opts.wsEngine is not a constructor
    at Server.init (/Users/subhajlimanond/dev/canva-beautifying/node_modules/engine.io/build/server.js:449:19)
    at new BaseServer (/Users/subhajlimanond/dev/canva-beautifying/node_modules/engine.io/build/server.js:68:14)
    at new Server (/Users/subhajlimanond/dev/canva-beautifying/node_modules/engine.io/build/server.js:438:1)
    at attach (/Users/subhajlimanond/dev/canva-beautifying/node_modules/engine.io/build/engine.io.js:51:20)
    at Server.initEngine (/Users/subhajlimanond/dev/canva-beautifying/node_modules/socket.io/dist/index.js:293:43)
    at Server.attach (/Users/subhajlimanond/dev/canva-beautifying/node_modules/socket.io/dist/index.js:232:14)
    at new Server (/Users/subhajlimanond/dev/canva-beautifying/node_modules/socket.io/dist/index.js:119:18)
    at WebSocketServer.initialize (/Users/subhajlimanond/dev/canva-beautifying/lib/websocket/server.ts:23:15)
    at Object.initialize (/Users/subhajlimanond/dev/canva-beautifying/lib/websocket/__tests__/server.test.ts:108:14)
    at Promise.then.completed (/Users/subhajlimanond/dev/canva-beautifying/node_modules/jest-circus/build/utils.js:290:26)
    at new Promise (&lt;anonymous&gt;)
    at callAsyncCircusFn (/Users/subhajlimanond/dev/canva-beautifying/node_modules/jest-circus/build/utils.js:231:10)
    at _callCircusHook (/Users/subhajlimanond/dev/canva-beautifying/node_modules/jest-circus/build/run.js:281:40)
    at processTicksAndRejections (node:internal/process/task_queues:105:5)
    at _runTest (/Users/subhajlimanond/dev/canva-beautifying/node_modules/jest-circus/build/run.js:246:5)
    at _runTestsForDescribeBlock (/Users/subhajlimanond/dev/canva-beautifying/node_modules/jest-circus/build/run.js:126:9)
    at _runTestsForDescribeBlock (/Users/subhajlimanond/dev/canva-beautifying/node_modules/jest-circus/build/run.js:121:9)
    at _runTestsForDescribeBlock (/Users/subhajlimanond/dev/canva-beautifying/node_modules/jest-circus/build/run.js:121:9)
    at run (/Users/subhajlimanond/dev/canva-beautifying/node_modules/jest-circus/build/run.js:71:3)
    at runAndTransformResultsToJestFormat (/Users/subhajlimanond/dev/canva-beautifying/node_modules/jest-circus/build/legacy-code-todo-rewrite/jestAdapterInit.js:122:21)
    at jestAdapter (/Users/subhajlimanond/dev/canva-beautifying/node_modules/jest-circus/build/legacy-code-todo-rewrite/jestAdapter.js:79:19)
    at runTestInternal (/Users/subhajlimanond/dev/canva-beautifying/node_modules/jest-runner/build/runTest.js:367:16)
    at runTest (/Users/subhajlimanond/dev/canva-beautifying/node_modules/jest-runner/build/runTest.js:444:34)
    at Object.worker (/Users/subhajlimanond/dev/canva-beautifying/node_modules/jest-runner/build/testWorker.js:106:12)</failure>
    </testcase>
    <testcase classname="WebSocketServer Connection Management should handle disconnection gracefully" name="WebSocketServer Connection Management should handle disconnection gracefully" time="0">
      <failure>TypeError: this.opts.wsEngine is not a constructor
    at Server.init (/Users/subhajlimanond/dev/canva-beautifying/node_modules/engine.io/build/server.js:449:19)
    at new BaseServer (/Users/subhajlimanond/dev/canva-beautifying/node_modules/engine.io/build/server.js:68:14)
    at new Server (/Users/subhajlimanond/dev/canva-beautifying/node_modules/engine.io/build/server.js:438:1)
    at attach (/Users/subhajlimanond/dev/canva-beautifying/node_modules/engine.io/build/engine.io.js:51:20)
    at Server.initEngine (/Users/subhajlimanond/dev/canva-beautifying/node_modules/socket.io/dist/index.js:293:43)
    at Server.attach (/Users/subhajlimanond/dev/canva-beautifying/node_modules/socket.io/dist/index.js:232:14)
    at new Server (/Users/subhajlimanond/dev/canva-beautifying/node_modules/socket.io/dist/index.js:119:18)
    at WebSocketServer.initialize (/Users/subhajlimanond/dev/canva-beautifying/lib/websocket/server.ts:23:15)
    at Object.initialize (/Users/subhajlimanond/dev/canva-beautifying/lib/websocket/__tests__/server.test.ts:108:14)
    at Promise.then.completed (/Users/subhajlimanond/dev/canva-beautifying/node_modules/jest-circus/build/utils.js:290:26)
    at new Promise (&lt;anonymous&gt;)
    at callAsyncCircusFn (/Users/subhajlimanond/dev/canva-beautifying/node_modules/jest-circus/build/utils.js:231:10)
    at _callCircusHook (/Users/subhajlimanond/dev/canva-beautifying/node_modules/jest-circus/build/run.js:281:40)
    at processTicksAndRejections (node:internal/process/task_queues:105:5)
    at _runTest (/Users/subhajlimanond/dev/canva-beautifying/node_modules/jest-circus/build/run.js:246:5)
    at _runTestsForDescribeBlock (/Users/subhajlimanond/dev/canva-beautifying/node_modules/jest-circus/build/run.js:126:9)
    at _runTestsForDescribeBlock (/Users/subhajlimanond/dev/canva-beautifying/node_modules/jest-circus/build/run.js:121:9)
    at _runTestsForDescribeBlock (/Users/subhajlimanond/dev/canva-beautifying/node_modules/jest-circus/build/run.js:121:9)
    at run (/Users/subhajlimanond/dev/canva-beautifying/node_modules/jest-circus/build/run.js:71:3)
    at runAndTransformResultsToJestFormat (/Users/subhajlimanond/dev/canva-beautifying/node_modules/jest-circus/build/legacy-code-todo-rewrite/jestAdapterInit.js:122:21)
    at jestAdapter (/Users/subhajlimanond/dev/canva-beautifying/node_modules/jest-circus/build/legacy-code-todo-rewrite/jestAdapter.js:79:19)
    at runTestInternal (/Users/subhajlimanond/dev/canva-beautifying/node_modules/jest-runner/build/runTest.js:367:16)
    at runTest (/Users/subhajlimanond/dev/canva-beautifying/node_modules/jest-runner/build/runTest.js:444:34)
    at Object.worker (/Users/subhajlimanond/dev/canva-beautifying/node_modules/jest-runner/build/testWorker.js:106:12)</failure>
    </testcase>
    <testcase classname="WebSocketServer Connection Management should handle socket errors" name="WebSocketServer Connection Management should handle socket errors" time="0">
      <failure>TypeError: this.opts.wsEngine is not a constructor
    at Server.init (/Users/subhajlimanond/dev/canva-beautifying/node_modules/engine.io/build/server.js:449:19)
    at new BaseServer (/Users/subhajlimanond/dev/canva-beautifying/node_modules/engine.io/build/server.js:68:14)
    at new Server (/Users/subhajlimanond/dev/canva-beautifying/node_modules/engine.io/build/server.js:438:1)
    at attach (/Users/subhajlimanond/dev/canva-beautifying/node_modules/engine.io/build/engine.io.js:51:20)
    at Server.initEngine (/Users/subhajlimanond/dev/canva-beautifying/node_modules/socket.io/dist/index.js:293:43)
    at Server.attach (/Users/subhajlimanond/dev/canva-beautifying/node_modules/socket.io/dist/index.js:232:14)
    at new Server (/Users/subhajlimanond/dev/canva-beautifying/node_modules/socket.io/dist/index.js:119:18)
    at WebSocketServer.initialize (/Users/subhajlimanond/dev/canva-beautifying/lib/websocket/server.ts:23:15)
    at Object.initialize (/Users/subhajlimanond/dev/canva-beautifying/lib/websocket/__tests__/server.test.ts:108:14)
    at Promise.then.completed (/Users/subhajlimanond/dev/canva-beautifying/node_modules/jest-circus/build/utils.js:290:26)
    at new Promise (&lt;anonymous&gt;)
    at callAsyncCircusFn (/Users/subhajlimanond/dev/canva-beautifying/node_modules/jest-circus/build/utils.js:231:10)
    at _callCircusHook (/Users/subhajlimanond/dev/canva-beautifying/node_modules/jest-circus/build/run.js:281:40)
    at processTicksAndRejections (node:internal/process/task_queues:105:5)
    at _runTest (/Users/subhajlimanond/dev/canva-beautifying/node_modules/jest-circus/build/run.js:246:5)
    at _runTestsForDescribeBlock (/Users/subhajlimanond/dev/canva-beautifying/node_modules/jest-circus/build/run.js:126:9)
    at _runTestsForDescribeBlock (/Users/subhajlimanond/dev/canva-beautifying/node_modules/jest-circus/build/run.js:121:9)
    at _runTestsForDescribeBlock (/Users/subhajlimanond/dev/canva-beautifying/node_modules/jest-circus/build/run.js:121:9)
    at run (/Users/subhajlimanond/dev/canva-beautifying/node_modules/jest-circus/build/run.js:71:3)
    at runAndTransformResultsToJestFormat (/Users/subhajlimanond/dev/canva-beautifying/node_modules/jest-circus/build/legacy-code-todo-rewrite/jestAdapterInit.js:122:21)
    at jestAdapter (/Users/subhajlimanond/dev/canva-beautifying/node_modules/jest-circus/build/legacy-code-todo-rewrite/jestAdapter.js:79:19)
    at runTestInternal (/Users/subhajlimanond/dev/canva-beautifying/node_modules/jest-runner/build/runTest.js:367:16)
    at runTest (/Users/subhajlimanond/dev/canva-beautifying/node_modules/jest-runner/build/runTest.js:444:34)
    at Object.worker (/Users/subhajlimanond/dev/canva-beautifying/node_modules/jest-runner/build/testWorker.js:106:12)</failure>
    </testcase>
    <testcase classname="WebSocketServer Monitoring Methods should return connected users count" name="WebSocketServer Monitoring Methods should return connected users count" time="0">
      <failure>TypeError: this.opts.wsEngine is not a constructor
    at Server.init (/Users/subhajlimanond/dev/canva-beautifying/node_modules/engine.io/build/server.js:449:19)
    at new BaseServer (/Users/subhajlimanond/dev/canva-beautifying/node_modules/engine.io/build/server.js:68:14)
    at new Server (/Users/subhajlimanond/dev/canva-beautifying/node_modules/engine.io/build/server.js:438:1)
    at attach (/Users/subhajlimanond/dev/canva-beautifying/node_modules/engine.io/build/engine.io.js:51:20)
    at Server.initEngine (/Users/subhajlimanond/dev/canva-beautifying/node_modules/socket.io/dist/index.js:293:43)
    at Server.attach (/Users/subhajlimanond/dev/canva-beautifying/node_modules/socket.io/dist/index.js:232:14)
    at new Server (/Users/subhajlimanond/dev/canva-beautifying/node_modules/socket.io/dist/index.js:119:18)
    at WebSocketServer.initialize (/Users/subhajlimanond/dev/canva-beautifying/lib/websocket/server.ts:23:15)
    at Object.initialize (/Users/subhajlimanond/dev/canva-beautifying/lib/websocket/__tests__/server.test.ts:108:14)
    at Promise.then.completed (/Users/subhajlimanond/dev/canva-beautifying/node_modules/jest-circus/build/utils.js:290:26)
    at new Promise (&lt;anonymous&gt;)
    at callAsyncCircusFn (/Users/subhajlimanond/dev/canva-beautifying/node_modules/jest-circus/build/utils.js:231:10)
    at _callCircusHook (/Users/subhajlimanond/dev/canva-beautifying/node_modules/jest-circus/build/run.js:281:40)
    at processTicksAndRejections (node:internal/process/task_queues:105:5)
    at _runTest (/Users/subhajlimanond/dev/canva-beautifying/node_modules/jest-circus/build/run.js:246:5)
    at _runTestsForDescribeBlock (/Users/subhajlimanond/dev/canva-beautifying/node_modules/jest-circus/build/run.js:126:9)
    at _runTestsForDescribeBlock (/Users/subhajlimanond/dev/canva-beautifying/node_modules/jest-circus/build/run.js:121:9)
    at _runTestsForDescribeBlock (/Users/subhajlimanond/dev/canva-beautifying/node_modules/jest-circus/build/run.js:121:9)
    at run (/Users/subhajlimanond/dev/canva-beautifying/node_modules/jest-circus/build/run.js:71:3)
    at runAndTransformResultsToJestFormat (/Users/subhajlimanond/dev/canva-beautifying/node_modules/jest-circus/build/legacy-code-todo-rewrite/jestAdapterInit.js:122:21)
    at jestAdapter (/Users/subhajlimanond/dev/canva-beautifying/node_modules/jest-circus/build/legacy-code-todo-rewrite/jestAdapter.js:79:19)
    at runTestInternal (/Users/subhajlimanond/dev/canva-beautifying/node_modules/jest-runner/build/runTest.js:367:16)
    at runTest (/Users/subhajlimanond/dev/canva-beautifying/node_modules/jest-runner/build/runTest.js:444:34)
    at Object.worker (/Users/subhajlimanond/dev/canva-beautifying/node_modules/jest-runner/build/testWorker.js:106:12)</failure>
    </testcase>
    <testcase classname="WebSocketServer Monitoring Methods should return rooms info" name="WebSocketServer Monitoring Methods should return rooms info" time="0">
      <failure>TypeError: this.opts.wsEngine is not a constructor
    at Server.init (/Users/subhajlimanond/dev/canva-beautifying/node_modules/engine.io/build/server.js:449:19)
    at new BaseServer (/Users/subhajlimanond/dev/canva-beautifying/node_modules/engine.io/build/server.js:68:14)
    at new Server (/Users/subhajlimanond/dev/canva-beautifying/node_modules/engine.io/build/server.js:438:1)
    at attach (/Users/subhajlimanond/dev/canva-beautifying/node_modules/engine.io/build/engine.io.js:51:20)
    at Server.initEngine (/Users/subhajlimanond/dev/canva-beautifying/node_modules/socket.io/dist/index.js:293:43)
    at Server.attach (/Users/subhajlimanond/dev/canva-beautifying/node_modules/socket.io/dist/index.js:232:14)
    at new Server (/Users/subhajlimanond/dev/canva-beautifying/node_modules/socket.io/dist/index.js:119:18)
    at WebSocketServer.initialize (/Users/subhajlimanond/dev/canva-beautifying/lib/websocket/server.ts:23:15)
    at Object.initialize (/Users/subhajlimanond/dev/canva-beautifying/lib/websocket/__tests__/server.test.ts:108:14)
    at Promise.then.completed (/Users/subhajlimanond/dev/canva-beautifying/node_modules/jest-circus/build/utils.js:290:26)
    at new Promise (&lt;anonymous&gt;)
    at callAsyncCircusFn (/Users/subhajlimanond/dev/canva-beautifying/node_modules/jest-circus/build/utils.js:231:10)
    at _callCircusHook (/Users/subhajlimanond/dev/canva-beautifying/node_modules/jest-circus/build/run.js:281:40)
    at processTicksAndRejections (node:internal/process/task_queues:105:5)
    at _runTest (/Users/subhajlimanond/dev/canva-beautifying/node_modules/jest-circus/build/run.js:246:5)
    at _runTestsForDescribeBlock (/Users/subhajlimanond/dev/canva-beautifying/node_modules/jest-circus/build/run.js:126:9)
    at _runTestsForDescribeBlock (/Users/subhajlimanond/dev/canva-beautifying/node_modules/jest-circus/build/run.js:121:9)
    at _runTestsForDescribeBlock (/Users/subhajlimanond/dev/canva-beautifying/node_modules/jest-circus/build/run.js:121:9)
    at run (/Users/subhajlimanond/dev/canva-beautifying/node_modules/jest-circus/build/run.js:71:3)
    at runAndTransformResultsToJestFormat (/Users/subhajlimanond/dev/canva-beautifying/node_modules/jest-circus/build/legacy-code-todo-rewrite/jestAdapterInit.js:122:21)
    at jestAdapter (/Users/subhajlimanond/dev/canva-beautifying/node_modules/jest-circus/build/legacy-code-todo-rewrite/jestAdapter.js:79:19)
    at runTestInternal (/Users/subhajlimanond/dev/canva-beautifying/node_modules/jest-runner/build/runTest.js:367:16)
    at runTest (/Users/subhajlimanond/dev/canva-beautifying/node_modules/jest-runner/build/runTest.js:444:34)
    at Object.worker (/Users/subhajlimanond/dev/canva-beautifying/node_modules/jest-runner/build/testWorker.js:106:12)</failure>
    </testcase>
    <testcase classname="WebSocketServer Singleton Pattern should return same instance" name="WebSocketServer Singleton Pattern should return same instance" time="0">
      <failure>TypeError: this.opts.wsEngine is not a constructor
    at Server.init (/Users/subhajlimanond/dev/canva-beautifying/node_modules/engine.io/build/server.js:449:19)
    at new BaseServer (/Users/subhajlimanond/dev/canva-beautifying/node_modules/engine.io/build/server.js:68:14)
    at new Server (/Users/subhajlimanond/dev/canva-beautifying/node_modules/engine.io/build/server.js:438:1)
    at attach (/Users/subhajlimanond/dev/canva-beautifying/node_modules/engine.io/build/engine.io.js:51:20)
    at Server.initEngine (/Users/subhajlimanond/dev/canva-beautifying/node_modules/socket.io/dist/index.js:293:43)
    at Server.attach (/Users/subhajlimanond/dev/canva-beautifying/node_modules/socket.io/dist/index.js:232:14)
    at new Server (/Users/subhajlimanond/dev/canva-beautifying/node_modules/socket.io/dist/index.js:119:18)
    at WebSocketServer.initialize (/Users/subhajlimanond/dev/canva-beautifying/lib/websocket/server.ts:23:15)
    at Object.initialize (/Users/subhajlimanond/dev/canva-beautifying/lib/websocket/__tests__/server.test.ts:108:14)
    at Promise.then.completed (/Users/subhajlimanond/dev/canva-beautifying/node_modules/jest-circus/build/utils.js:290:26)
    at new Promise (&lt;anonymous&gt;)
    at callAsyncCircusFn (/Users/subhajlimanond/dev/canva-beautifying/node_modules/jest-circus/build/utils.js:231:10)
    at _callCircusHook (/Users/subhajlimanond/dev/canva-beautifying/node_modules/jest-circus/build/run.js:281:40)
    at processTicksAndRejections (node:internal/process/task_queues:105:5)
    at _runTest (/Users/subhajlimanond/dev/canva-beautifying/node_modules/jest-circus/build/run.js:246:5)
    at _runTestsForDescribeBlock (/Users/subhajlimanond/dev/canva-beautifying/node_modules/jest-circus/build/run.js:126:9)
    at _runTestsForDescribeBlock (/Users/subhajlimanond/dev/canva-beautifying/node_modules/jest-circus/build/run.js:121:9)
    at _runTestsForDescribeBlock (/Users/subhajlimanond/dev/canva-beautifying/node_modules/jest-circus/build/run.js:121:9)
    at run (/Users/subhajlimanond/dev/canva-beautifying/node_modules/jest-circus/build/run.js:71:3)
    at runAndTransformResultsToJestFormat (/Users/subhajlimanond/dev/canva-beautifying/node_modules/jest-circus/build/legacy-code-todo-rewrite/jestAdapterInit.js:122:21)
    at jestAdapter (/Users/subhajlimanond/dev/canva-beautifying/node_modules/jest-circus/build/legacy-code-todo-rewrite/jestAdapter.js:79:19)
    at runTestInternal (/Users/subhajlimanond/dev/canva-beautifying/node_modules/jest-runner/build/runTest.js:367:16)
    at runTest (/Users/subhajlimanond/dev/canva-beautifying/node_modules/jest-runner/build/runTest.js:444:34)
    at Object.worker (/Users/subhajlimanond/dev/canva-beautifying/node_modules/jest-runner/build/testWorker.js:106:12)</failure>
    </testcase>
    <testcase classname="WebSocketServer Helper Functions should emit progress updates through helper" name="WebSocketServer Helper Functions should emit progress updates through helper" time="0">
      <failure>TypeError: this.opts.wsEngine is not a constructor
    at Server.init (/Users/subhajlimanond/dev/canva-beautifying/node_modules/engine.io/build/server.js:449:19)
    at new BaseServer (/Users/subhajlimanond/dev/canva-beautifying/node_modules/engine.io/build/server.js:68:14)
    at new Server (/Users/subhajlimanond/dev/canva-beautifying/node_modules/engine.io/build/server.js:438:1)
    at attach (/Users/subhajlimanond/dev/canva-beautifying/node_modules/engine.io/build/engine.io.js:51:20)
    at Server.initEngine (/Users/subhajlimanond/dev/canva-beautifying/node_modules/socket.io/dist/index.js:293:43)
    at Server.attach (/Users/subhajlimanond/dev/canva-beautifying/node_modules/socket.io/dist/index.js:232:14)
    at new Server (/Users/subhajlimanond/dev/canva-beautifying/node_modules/socket.io/dist/index.js:119:18)
    at WebSocketServer.initialize (/Users/subhajlimanond/dev/canva-beautifying/lib/websocket/server.ts:23:15)
    at Object.initialize (/Users/subhajlimanond/dev/canva-beautifying/lib/websocket/__tests__/server.test.ts:108:14)
    at Promise.then.completed (/Users/subhajlimanond/dev/canva-beautifying/node_modules/jest-circus/build/utils.js:290:26)
    at new Promise (&lt;anonymous&gt;)
    at callAsyncCircusFn (/Users/subhajlimanond/dev/canva-beautifying/node_modules/jest-circus/build/utils.js:231:10)
    at _callCircusHook (/Users/subhajlimanond/dev/canva-beautifying/node_modules/jest-circus/build/run.js:281:40)
    at processTicksAndRejections (node:internal/process/task_queues:105:5)
    at _runTest (/Users/subhajlimanond/dev/canva-beautifying/node_modules/jest-circus/build/run.js:246:5)
    at _runTestsForDescribeBlock (/Users/subhajlimanond/dev/canva-beautifying/node_modules/jest-circus/build/run.js:126:9)
    at _runTestsForDescribeBlock (/Users/subhajlimanond/dev/canva-beautifying/node_modules/jest-circus/build/run.js:121:9)
    at _runTestsForDescribeBlock (/Users/subhajlimanond/dev/canva-beautifying/node_modules/jest-circus/build/run.js:121:9)
    at run (/Users/subhajlimanond/dev/canva-beautifying/node_modules/jest-circus/build/run.js:71:3)
    at runAndTransformResultsToJestFormat (/Users/subhajlimanond/dev/canva-beautifying/node_modules/jest-circus/build/legacy-code-todo-rewrite/jestAdapterInit.js:122:21)
    at jestAdapter (/Users/subhajlimanond/dev/canva-beautifying/node_modules/jest-circus/build/legacy-code-todo-rewrite/jestAdapter.js:79:19)
    at runTestInternal (/Users/subhajlimanond/dev/canva-beautifying/node_modules/jest-runner/build/runTest.js:367:16)
    at runTest (/Users/subhajlimanond/dev/canva-beautifying/node_modules/jest-runner/build/runTest.js:444:34)
    at Object.worker (/Users/subhajlimanond/dev/canva-beautifying/node_modules/jest-runner/build/testWorker.js:106:12)</failure>
    </testcase>
  </testsuite>
  <testsuite name="DocumentAnalysisEngine" errors="0" failures="0" skipped="0" timestamp="2025-06-30T06:05:11" time="1.031" tests="14">
    <testcase classname="DocumentAnalysisEngine Individual analyzers analyzes layout" name="DocumentAnalysisEngine Individual analyzers analyzes layout" time="0.008">
    </testcase>
    <testcase classname="DocumentAnalysisEngine Individual analyzers analyzes colors" name="DocumentAnalysisEngine Individual analyzers analyzes colors" time="0.001">
    </testcase>
    <testcase classname="DocumentAnalysisEngine Individual analyzers analyzes typography" name="DocumentAnalysisEngine Individual analyzers analyzes typography" time="0.002">
    </testcase>
    <testcase classname="DocumentAnalysisEngine Individual analyzers analyzes age appropriateness" name="DocumentAnalysisEngine Individual analyzers analyzes age appropriateness" time="0.001">
    </testcase>
    <testcase classname="DocumentAnalysisEngine Individual analyzers identifies subject matter" name="DocumentAnalysisEngine Individual analyzers identifies subject matter" time="0.001">
    </testcase>
    <testcase classname="DocumentAnalysisEngine Individual analyzers calculates engagement metrics" name="DocumentAnalysisEngine Individual analyzers calculates engagement metrics" time="0">
    </testcase>
    <testcase classname="DocumentAnalysisEngine generateCompleteAnalysis runs all analyses in parallel" name="DocumentAnalysisEngine generateCompleteAnalysis runs all analyses in parallel" time="0.103">
    </testcase>
    <testcase classname="DocumentAnalysisEngine generateCompleteAnalysis generates complete document analysis" name="DocumentAnalysisEngine generateCompleteAnalysis generates complete document analysis" time="0.002">
    </testcase>
    <testcase classname="DocumentAnalysisEngine generateCompleteAnalysis calculates overall quality score" name="DocumentAnalysisEngine generateCompleteAnalysis calculates overall quality score" time="0.001">
    </testcase>
    <testcase classname="DocumentAnalysisEngine generateCompleteAnalysis generates relevant suggestions" name="DocumentAnalysisEngine generateCompleteAnalysis generates relevant suggestions" time="0.001">
    </testcase>
    <testcase classname="DocumentAnalysisEngine generateCompleteAnalysis handles analyzer errors gracefully" name="DocumentAnalysisEngine generateCompleteAnalysis handles analyzer errors gracefully" time="0.005">
    </testcase>
    <testcase classname="DocumentAnalysisEngine generateCompleteAnalysis identifies critical issues" name="DocumentAnalysisEngine generateCompleteAnalysis identifies critical issues" time="0.004">
    </testcase>
    <testcase classname="DocumentAnalysisEngine Edge cases handles empty document context" name="DocumentAnalysisEngine Edge cases handles empty document context" time="0.005">
    </testcase>
    <testcase classname="DocumentAnalysisEngine Edge cases handles missing analyzer responses" name="DocumentAnalysisEngine Edge cases handles missing analyzer responses" time="0.001">
    </testcase>
  </testsuite>
  <testsuite name="EnhancementPipeline" errors="0" failures="0" skipped="0" timestamp="2025-06-30T06:05:11" time="1.1" tests="30">
    <testcase classname="EnhancementPipeline Constructor should initialize with correct state" name="EnhancementPipeline Constructor should initialize with correct state" time="0.007">
    </testcase>
    <testcase classname="EnhancementPipeline Constructor should create cache instance" name="EnhancementPipeline Constructor should create cache instance" time="0.001">
    </testcase>
    <testcase classname="EnhancementPipeline Constructor should initialize all stages" name="EnhancementPipeline Constructor should initialize all stages" time="0.001">
    </testcase>
    <testcase classname="EnhancementPipeline Constructor should extend EventEmitter" name="EnhancementPipeline Constructor should extend EventEmitter" time="0">
    </testcase>
    <testcase classname="EnhancementPipeline Execute should execute all stages successfully" name="EnhancementPipeline Execute should execute all stages successfully" time="0.004">
    </testcase>
    <testcase classname="EnhancementPipeline Execute should cache analysis results" name="EnhancementPipeline Execute should cache analysis results" time="0.001">
    </testcase>
    <testcase classname="EnhancementPipeline Execute should use cached analysis when available" name="EnhancementPipeline Execute should use cached analysis when available" time="0">
    </testcase>
    <testcase classname="EnhancementPipeline Execute should skip expired cache" name="EnhancementPipeline Execute should skip expired cache" time="0">
    </testcase>
    <testcase classname="EnhancementPipeline Execute should skip enhancement for high-scoring documents" name="EnhancementPipeline Execute should skip enhancement for high-scoring documents" time="0.006">
    </testcase>
    <testcase classname="EnhancementPipeline Execute should skip asset generation for free tier" name="EnhancementPipeline Execute should skip asset generation for free tier" time="0.001">
    </testcase>
    <testcase classname="EnhancementPipeline Execute should handle asset generation settings" name="EnhancementPipeline Execute should handle asset generation settings" time="0">
    </testcase>
    <testcase classname="EnhancementPipeline Execute should emit stage events" name="EnhancementPipeline Execute should emit stage events" time="0.001">
    </testcase>
    <testcase classname="EnhancementPipeline Execute should update progress correctly" name="EnhancementPipeline Execute should update progress correctly" time="0.001">
    </testcase>
    <testcase classname="EnhancementPipeline Execute should save pipeline results" name="EnhancementPipeline Execute should save pipeline results" time="0.005">
    </testcase>
    <testcase classname="EnhancementPipeline Error Handling should handle stage failures" name="EnhancementPipeline Error Handling should handle stage failures" time="0.003">
    </testcase>
    <testcase classname="EnhancementPipeline Error Handling should emit failure events" name="EnhancementPipeline Error Handling should emit failure events" time="0.001">
    </testcase>
    <testcase classname="EnhancementPipeline Error Handling should handle unknown errors" name="EnhancementPipeline Error Handling should handle unknown errors" time="0.001">
    </testcase>
    <testcase classname="EnhancementPipeline Cancel should cancel pipeline execution" name="EnhancementPipeline Cancel should cancel pipeline execution" time="0.001">
    </testcase>
    <testcase classname="EnhancementPipeline Cancel should abort running operations" name="EnhancementPipeline Cancel should abort running operations" time="0.003">
    </testcase>
    <testcase classname="EnhancementPipeline Stage Execution should pass abort signal to stages" name="EnhancementPipeline Stage Execution should pass abort signal to stages" time="0.002">
    </testcase>
    <testcase classname="EnhancementPipeline Stage Execution should track stage timing" name="EnhancementPipeline Stage Execution should track stage timing" time="0.002">
    </testcase>
    <testcase classname="EnhancementPipeline Stage Execution should handle no significant issues" name="EnhancementPipeline Stage Execution should handle no significant issues" time="0.002">
    </testcase>
    <testcase classname="EnhancementPipeline Basic Tier Behavior should randomly generate assets for basic tier" name="EnhancementPipeline Basic Tier Behavior should randomly generate assets for basic tier" time="0.006">
    </testcase>
    <testcase classname="EnhancementPipeline Event Listeners should support progress callback" name="EnhancementPipeline Event Listeners should support progress callback" time="0.001">
    </testcase>
    <testcase classname="EnhancementPipeline Event Listeners should handle multiple event listeners" name="EnhancementPipeline Event Listeners should handle multiple event listeners" time="0">
    </testcase>
    <testcase classname="EnhancementPipeline State Management should return immutable state copy" name="EnhancementPipeline State Management should return immutable state copy" time="0">
    </testcase>
    <testcase classname="EnhancementPipeline State Management should update timestamps" name="EnhancementPipeline State Management should update timestamps" time="0.012">
    </testcase>
    <testcase classname="EnhancementPipeline Cache Interactions should cache enhancement plan" name="EnhancementPipeline Cache Interactions should cache enhancement plan" time="0.001">
    </testcase>
    <testcase classname="EnhancementPipeline Cache Interactions should cache generated assets" name="EnhancementPipeline Cache Interactions should cache generated assets" time="0.001">
    </testcase>
    <testcase classname="EnhancementPipeline Cache Interactions should use all cached data when available" name="EnhancementPipeline Cache Interactions should use all cached data when available" time="0">
    </testcase>
  </testsuite>
  <testsuite name="Alert" errors="0" failures="0" skipped="0" timestamp="2025-06-30T06:05:12" time="0.159" tests="25">
    <testcase classname="Alert Rendering renders alert with role=&quot;alert&quot;" name="Alert Rendering renders alert with role=&quot;alert&quot;" time="0.023">
    </testcase>
    <testcase classname="Alert Rendering forwards ref to alert element" name="Alert Rendering forwards ref to alert element" time="0.002">
    </testcase>
    <testcase classname="Alert Rendering renders with children components" name="Alert Rendering renders with children components" time="0.005">
    </testcase>
    <testcase classname="Alert Rendering renders with icon" name="Alert Rendering renders with icon" time="0.002">
    </testcase>
    <testcase classname="Alert Variants applies default variant styles" name="Alert Variants applies default variant styles" time="0.003">
    </testcase>
    <testcase classname="Alert Variants applies destructive variant styles" name="Alert Variants applies destructive variant styles" time="0.001">
    </testcase>
    <testcase classname="Alert Variants uses default variant when not specified" name="Alert Variants uses default variant when not specified" time="0.001">
    </testcase>
    <testcase classname="Alert Props applies custom className to Alert" name="Alert Props applies custom className to Alert" time="0.001">
    </testcase>
    <testcase classname="Alert Props forwards HTML div attributes" name="Alert Props forwards HTML div attributes" time="0.003">
    </testcase>
    <testcase classname="Alert AlertTitle renders as h5 element" name="Alert AlertTitle renders as h5 element" time="0.001">
    </testcase>
    <testcase classname="Alert AlertTitle forwards ref to AlertTitle" name="Alert AlertTitle forwards ref to AlertTitle" time="0">
    </testcase>
    <testcase classname="Alert AlertTitle applies custom className to AlertTitle" name="Alert AlertTitle applies custom className to AlertTitle" time="0.001">
    </testcase>
    <testcase classname="Alert AlertTitle forwards HTML heading attributes" name="Alert AlertTitle forwards HTML heading attributes" time="0">
    </testcase>
    <testcase classname="Alert AlertDescription renders as div element" name="Alert AlertDescription renders as div element" time="0.001">
    </testcase>
    <testcase classname="Alert AlertDescription forwards ref to AlertDescription" name="Alert AlertDescription forwards ref to AlertDescription" time="0">
    </testcase>
    <testcase classname="Alert AlertDescription applies custom className to AlertDescription" name="Alert AlertDescription applies custom className to AlertDescription" time="0.001">
    </testcase>
    <testcase classname="Alert AlertDescription forwards HTML div attributes" name="Alert AlertDescription forwards HTML div attributes" time="0">
    </testcase>
    <testcase classname="Alert AlertDescription renders with paragraph inside" name="Alert AlertDescription renders with paragraph inside" time="0.001">
    </testcase>
    <testcase classname="Alert Complex compositions renders complete alert with all components" name="Alert Complex compositions renders complete alert with all components" time="0.002">
    </testcase>
    <testcase classname="Alert Complex compositions renders alert with multiple paragraphs in description" name="Alert Complex compositions renders alert with multiple paragraphs in description" time="0.001">
    </testcase>
    <testcase classname="Alert Complex compositions renders alert without title" name="Alert Complex compositions renders alert without title" time="0.001">
    </testcase>
    <testcase classname="Alert Complex compositions renders alert with custom content" name="Alert Complex compositions renders alert with custom content" time="0.004">
    </testcase>
    <testcase classname="Alert Accessibility has proper ARIA role" name="Alert Accessibility has proper ARIA role" time="0">
    </testcase>
    <testcase classname="Alert Accessibility can have additional ARIA attributes" name="Alert Accessibility can have additional ARIA attributes" time="0.001">
    </testcase>
    <testcase classname="Alert Accessibility maintains heading hierarchy" name="Alert Accessibility maintains heading hierarchy" time="0.001">
    </testcase>
  </testsuite>
  <testsuite name="Input" errors="0" failures="0" skipped="0" timestamp="2025-06-30T06:05:11" time="1.208" tests="26">
    <testcase classname="Input Rendering renders input element" name="Input Rendering renders input element" time="0.032">
    </testcase>
    <testcase classname="Input Rendering forwards ref to input element" name="Input Rendering forwards ref to input element" time="0.002">
    </testcase>
    <testcase classname="Input Rendering renders with custom type" name="Input Rendering renders with custom type" time="0.004">
    </testcase>
    <testcase classname="Input Rendering renders password input" name="Input Rendering renders password input" time="0.002">
    </testcase>
    <testcase classname="Input Rendering renders number input" name="Input Rendering renders number input" time="0.004">
    </testcase>
    <testcase classname="Input Rendering renders search input" name="Input Rendering renders search input" time="0.002">
    </testcase>
    <testcase classname="Input Props applies custom className" name="Input Props applies custom className" time="0.002">
    </testcase>
    <testcase classname="Input Props forwards HTML input attributes" name="Input Props forwards HTML input attributes" time="0.003">
    </testcase>
    <testcase classname="Input Props handles value prop" name="Input Props handles value prop" time="0.003">
    </testcase>
    <testcase classname="Input Props handles defaultValue prop" name="Input Props handles defaultValue prop" time="0.001">
    </testcase>
    <testcase classname="Input Props handles min and max for number input" name="Input Props handles min and max for number input" time="0.002">
    </testcase>
    <testcase classname="Input Props handles maxLength prop" name="Input Props handles maxLength prop" time="0.001">
    </testcase>
    <testcase classname="Input Props handles pattern prop" name="Input Props handles pattern prop" time="0.002">
    </testcase>
    <testcase classname="Input Interactions handles onChange events" name="Input Interactions handles onChange events" time="0.026">
    </testcase>
    <testcase classname="Input Interactions handles onFocus and onBlur events" name="Input Interactions handles onFocus and onBlur events" time="0.013">
    </testcase>
    <testcase classname="Input Interactions handles onKeyDown events" name="Input Interactions handles onKeyDown events" time="0.006">
    </testcase>
    <testcase classname="Input Interactions prevents input when disabled" name="Input Interactions prevents input when disabled" time="0.005">
    </testcase>
    <testcase classname="Input Interactions prevents editing when readOnly" name="Input Interactions prevents editing when readOnly" time="0.019">
    </testcase>
    <testcase classname="Input Interactions supports copy and paste" name="Input Interactions supports copy and paste" time="0.013">
    </testcase>
    <testcase classname="Input Interactions supports selection" name="Input Interactions supports selection" time="0.016">
    </testcase>
    <testcase classname="Input File input renders file input" name="Input File input renders file input" time="0.001">
    </testcase>
    <testcase classname="Input File input handles accept attribute for file input" name="Input File input handles accept attribute for file input" time="0">
    </testcase>
    <testcase classname="Input File input handles multiple attribute for file input" name="Input File input handles multiple attribute for file input" time="0.001">
    </testcase>
    <testcase classname="Input Styling applies focus styles" name="Input Styling applies focus styles" time="0.009">
    </testcase>
    <testcase classname="Input Styling applies disabled styles" name="Input Styling applies disabled styles" time="0.001">
    </testcase>
    <testcase classname="Input Styling applies file input specific styles" name="Input Styling applies file input specific styles" time="0.001">
    </testcase>
  </testsuite>
  <testsuite name="Middleware" errors="0" failures="0" skipped="0" timestamp="2025-06-30T06:05:12" time="0.099" tests="22">
    <testcase classname="Middleware HTTPS Enforcement should redirect to HTTPS in production" name="Middleware HTTPS Enforcement should redirect to HTTPS in production" time="0.001">
    </testcase>
    <testcase classname="Middleware HTTPS Enforcement should not redirect when already HTTPS" name="Middleware HTTPS Enforcement should not redirect when already HTTPS" time="0">
    </testcase>
    <testcase classname="Middleware HTTPS Enforcement should not redirect in development" name="Middleware HTTPS Enforcement should not redirect in development" time="0.001">
    </testcase>
    <testcase classname="Middleware Security Headers should add security headers to HTML responses" name="Middleware Security Headers should add security headers to HTML responses" time="0.001">
    </testcase>
    <testcase classname="Middleware Security Headers should not add security headers to static assets" name="Middleware Security Headers should not add security headers to static assets" time="0">
    </testcase>
    <testcase classname="Middleware CORS Headers should add CORS headers to API routes" name="Middleware CORS Headers should add CORS headers to API routes" time="0.001">
    </testcase>
    <testcase classname="Middleware CORS Headers should handle OPTIONS preflight requests" name="Middleware CORS Headers should handle OPTIONS preflight requests" time="0">
    </testcase>
    <testcase classname="Middleware Rate Limiting should allow requests under rate limit" name="Middleware Rate Limiting should allow requests under rate limit" time="0.001">
    </testcase>
    <testcase classname="Middleware Rate Limiting should block requests over rate limit" name="Middleware Rate Limiting should block requests over rate limit" time="0.012">
    </testcase>
    <testcase classname="Middleware Rate Limiting should use IP fallback when x-forwarded-for is missing" name="Middleware Rate Limiting should use IP fallback when x-forwarded-for is missing" time="0">
    </testcase>
    <testcase classname="Middleware Rate Limiting should not apply rate limiting to non-API routes" name="Middleware Rate Limiting should not apply rate limiting to non-API routes" time="0.02">
    </testcase>
    <testcase classname="Middleware Authentication should allow access to public routes without auth" name="Middleware Authentication should allow access to public routes without auth" time="0">
    </testcase>
[...]
    </testcase>
    <testcase classname="AssetCache findSimilar should not return expired cached assets" name="AssetCache findSimilar should not return expired cached assets" time="0">
    </testcase>
    <testcase classname="AssetCache findSimilar should return null when no similar cache found" name="AssetCache findSimilar should return null when no similar cache found" time="0">
    </testcase>
    <testcase classname="AssetCache findSimilar should handle database errors gracefully" name="AssetCache findSimilar should handle database errors gracefully" time="0.01">
    </testcase>
    <testcase classname="AssetCache store should store image in both memory and database" name="AssetCache store should store image in both memory and database" time="0">
    </testcase>
    <testcase classname="AssetCache store should extract tags from prompts" name="AssetCache store should extract tags from prompts" time="0.001">
    </testcase>
    <testcase classname="AssetCache store should handle storage errors gracefully" name="AssetCache store should handle storage errors gracefully" time="0">
    </testcase>
    <testcase classname="AssetCache getCacheStats should return cache statistics" name="AssetCache getCacheStats should return cache statistics" time="0.001">
    </testcase>
    <testcase classname="AssetCache cleanup should clean up expired entries" name="AssetCache cleanup should clean up expired entries" time="0">
    </testcase>
    <testcase classname="AssetCache similarity matching should correctly identify similar prompts" name="AssetCache similarity matching should correctly identify similar prompts" time="0">
    </testcase>
  </testsuite>
  <testsuite name="PromptEngineer" errors="0" failures="0" skipped="0" timestamp="2025-06-30T06:05:12" time="0.041" tests="20">
    <testcase classname="PromptEngineer generateBackgroundPrompt should generate background prompt with template" name="PromptEngineer generateBackgroundPrompt should generate background prompt with template" time="0.001">
    </testcase>
    <testcase classname="PromptEngineer generateBackgroundPrompt should handle modern style backgrounds" name="PromptEngineer generateBackgroundPrompt should handle modern style backgrounds" time="0">
    </testcase>
    <testcase classname="PromptEngineer generateBackgroundPrompt should handle professional style backgrounds" name="PromptEngineer generateBackgroundPrompt should handle professional style backgrounds" time="0">
    </testcase>
    <testcase classname="PromptEngineer generateBackgroundPrompt should use fallback for unknown styles" name="PromptEngineer generateBackgroundPrompt should use fallback for unknown styles" time="0">
    </testcase>
    <testcase classname="PromptEngineer generateBackgroundPrompt should handle empty color palette" name="PromptEngineer generateBackgroundPrompt should handle empty color palette" time="0">
    </testcase>
    <testcase classname="PromptEngineer generateDecorativeElementPrompt should generate icon element prompt" name="PromptEngineer generateDecorativeElementPrompt should generate icon element prompt" time="0.001">
    </testcase>
    <testcase classname="PromptEngineer generateDecorativeElementPrompt should generate pattern element prompt" name="PromptEngineer generateDecorativeElementPrompt should generate pattern element prompt" time="0">
    </testcase>
    <testcase classname="PromptEngineer generateDecorativeElementPrompt should generate border element prompt" name="PromptEngineer generateDecorativeElementPrompt should generate border element prompt" time="0">
    </testcase>
    <testcase classname="PromptEngineer generateDecorativeElementPrompt should use fallback for unknown element types" name="PromptEngineer generateDecorativeElementPrompt should use fallback for unknown element types" time="0">
    </testcase>
    <testcase classname="PromptEngineer enhancePromptForModel should enhance prompt for Stable Diffusion" name="PromptEngineer enhancePromptForModel should enhance prompt for Stable Diffusion" time="0.002">
    </testcase>
    <testcase classname="PromptEngineer enhancePromptForModel should enhance prompt for DALL-E 3" name="PromptEngineer enhancePromptForModel should enhance prompt for DALL-E 3" time="0">
    </testcase>
    <testcase classname="PromptEngineer generateNegativePrompt should generate base negative prompt" name="PromptEngineer generateNegativePrompt should generate base negative prompt" time="0">
    </testcase>
    <testcase classname="PromptEngineer generateNegativePrompt should add style-specific negatives" name="PromptEngineer generateNegativePrompt should add style-specific negatives" time="0">
    </testcase>
    <testcase classname="PromptEngineer suggestPromptImprovements should suggest improvements for short prompts" name="PromptEngineer suggestPromptImprovements should suggest improvements for short prompts" time="0.001">
    </testcase>
    <testcase classname="PromptEngineer suggestPromptImprovements should suggest style descriptors if missing" name="PromptEngineer suggestPromptImprovements should suggest style descriptors if missing" time="0">
    </testcase>
    <testcase classname="PromptEngineer suggestPromptImprovements should suggest quality modifiers if missing" name="PromptEngineer suggestPromptImprovements should suggest quality modifiers if missing" time="0">
    </testcase>
    <testcase classname="PromptEngineer suggestPromptImprovements should suggest color preferences if missing" name="PromptEngineer suggestPromptImprovements should suggest color preferences if missing" time="0">
    </testcase>
    <testcase classname="PromptEngineer suggestPromptImprovements should return no suggestions for well-formed prompts" name="PromptEngineer suggestPromptImprovements should return no suggestions for well-formed prompts" time="0">
    </testcase>
    <testcase classname="PromptEngineer private helper methods should format colors correctly" name="PromptEngineer private helper methods should format colors correctly" time="0">
    </testcase>
    <testcase classname="PromptEngineer private helper methods should select appropriate patterns for document types" name="PromptEngineer private helper methods should select appropriate patterns for document types" time="0">
    </testcase>
  </testsuite>
  <testsuite name="ExportService" errors="0" failures="0" skipped="0" timestamp="2025-06-30T06:05:12" time="0.036" tests="6">
    <testcase classname="ExportService exportDocument should export PNG with default options" name="ExportService exportDocument should export PNG with default options" time="0.001">
    </testcase>
    <testcase classname="ExportService exportDocument should export JPG with quality setting" name="ExportService exportDocument should export JPG with quality setting" time="0">
    </testcase>
    <testcase classname="ExportService exportDocument should validate scale parameter" name="ExportService exportDocument should validate scale parameter" time="0">
    </testcase>
    <testcase classname="ExportService exportDocument should track export progress" name="ExportService exportDocument should track export progress" time="0.001">
    </testcase>
    <testcase classname="ExportService batch export should export multiple documents" name="ExportService batch export should export multiple documents" time="0.001">
    </testcase>
    <testcase classname="ExportService export history should retrieve user export history" name="ExportService export history should retrieve user export history" time="0">
    </testcase>
  </testsuite>
  <testsuite name="ModelSelector" errors="0" failures="0" skipped="0" timestamp="2025-06-30T06:05:12" time="0.032" tests="13">
    <testcase classname="ModelSelector selectModel should respect user tier restrictions" name="ModelSelector selectModel should respect user tier restrictions" time="0.002">
    </testcase>
    <testcase classname="ModelSelector selectModel should apply cost optimization" name="ModelSelector selectModel should apply cost optimization" time="0">
    </testcase>
    <testcase classname="ModelSelector selectModel should respect document type preferences" name="ModelSelector selectModel should respect document type preferences" time="0">
    </testcase>
    <testcase classname="ModelSelector selectModel should handle failed models" name="ModelSelector selectModel should handle failed models" time="0.001">
    </testcase>
    <testcase classname="ModelSelector selectModel should fallback when all models fail" name="ModelSelector selectModel should fallback when all models fail" time="0">
    </testcase>
    <testcase classname="ModelSelector determineComplexityWithContext should calculate complexity based on multiple factors" name="ModelSelector determineComplexityWithContext should calculate complexity based on multiple factors" time="0">
    </testcase>
    <testcase classname="ModelSelector determineComplexityWithContext should increase complexity for marketing documents" name="ModelSelector determineComplexityWithContext should increase complexity for marketing documents" time="0">
    </testcase>
    <testcase classname="ModelSelector determineProcessingPriority should prioritize speed for free users" name="ModelSelector determineProcessingPriority should prioritize speed for free users" time="0">
    </testcase>
    <testcase classname="ModelSelector determineProcessingPriority should prioritize quality for premium high complexity" name="ModelSelector determineProcessingPriority should prioritize quality for premium high complexity" time="0">
    </testcase>
    <testcase classname="ModelSelector determineProcessingPriority should respect user preference" name="ModelSelector determineProcessingPriority should respect user preference" time="0">
    </testcase>
    <testcase classname="ModelSelector getCostEstimate should calculate cost correctly" name="ModelSelector getCostEstimate should calculate cost correctly" time="0">
    </testcase>
    <testcase classname="ModelSelector estimateProcessingTime should scale time with complexity" name="ModelSelector estimateProcessingTime should scale time with complexity" time="0">
    </testcase>
    <testcase classname="ModelSelector getModelRecommendations should recommend models based on usage history" name="ModelSelector getModelRecommendations should recommend models based on usage history" time="0">
    </testcase>
  </testsuite>
  <testsuite name="EmailService" errors="0" failures="0" skipped="0" timestamp="2025-06-30T06:05:11" time="3.217" tests="15">
    <testcase classname="EmailService sendEnhancementCompletedEmail sends email successfully when preferences allow" name="EmailService sendEnhancementCompletedEmail sends email successfully when preferences allow" time="0.005">
    </testcase>
    <testcase classname="EmailService sendEnhancementCompletedEmail skips email when preferences disallow" name="EmailService sendEnhancementCompletedEmail skips email when preferences disallow" time="0.001">
    </testcase>
    <testcase classname="EmailService sendEnhancementCompletedEmail sends email when preferences not found (defaults to true)" name="EmailService sendEnhancementCompletedEmail sends email when preferences not found (defaults to true)" time="0">
    </testcase>
    <testcase classname="EmailService sendEnhancementCompletedEmail handles email sending errors" name="EmailService sendEnhancementCompletedEmail handles email sending errors" time="0.001">
    </testcase>
    <testcase classname="EmailService sendEnhancementCompletedEmail handles development mode (no resend configured)" name="EmailService sendEnhancementCompletedEmail handles development mode (no resend configured)" time="0.001">
    </testcase>
    <testcase classname="EmailService sendWelcomeEmail sends welcome email successfully" name="EmailService sendWelcomeEmail sends welcome email successfully" time="0.001">
    </testcase>
    <testcase classname="EmailService sendWelcomeEmail logs email delivery" name="EmailService sendWelcomeEmail logs email delivery" time="0">
    </testcase>
    <testcase classname="EmailService sendPasswordResetEmail sends password reset email successfully" name="EmailService sendPasswordResetEmail sends password reset email successfully" time="0.012">
    </testcase>
    <testcase classname="EmailService sendPasswordResetEmail logs email without userId" name="EmailService sendPasswordResetEmail logs email without userId" time="0.001">
    </testcase>
    <testcase classname="EmailService sendSubscriptionCreatedEmail sends subscription email when preferences allow" name="EmailService sendSubscriptionCreatedEmail sends subscription email when preferences allow" time="0.002">
    </testcase>
    <testcase classname="EmailService sendSubscriptionCreatedEmail skips email when system notifications disabled" name="EmailService sendSubscriptionCreatedEmail skips email when system notifications disabled" time="0.001">
    </testcase>
    <testcase classname="EmailService sendBulkEmail sends bulk emails successfully" name="EmailService sendBulkEmail sends bulk emails successfully" time="0.001">
    </testcase>
    <testcase classname="EmailService sendBulkEmail handles mixed success and failure" name="EmailService sendBulkEmail handles mixed success and failure" time="0">
    </testcase>
    <testcase classname="EmailService sendBulkEmail processes in batches with delay" name="EmailService sendBulkEmail processes in batches with delay" time="2.004">
    </testcase>
    <testcase classname="EmailService sendBulkEmail throws error for unsupported email types" name="EmailService sendBulkEmail throws error for unsupported email types" time="0.008">
    </testcase>
  </testsuite>
  <testsuite name="StableDiffusionProvider" errors="0" failures="0" skipped="0" timestamp="2025-06-30T06:05:11" time="4.923" tests="15">
    <testcase classname="StableDiffusionProvider generate should generate an image successfully" name="StableDiffusionProvider generate should generate an image successfully" time="0.022">
    </testcase>
    <testcase classname="StableDiffusionProvider generate should use HD settings for HD quality" name="StableDiffusionProvider generate should use HD settings for HD quality" time="0.001">
    </testcase>
    <testcase classname="StableDiffusionProvider generate should apply style-specific settings" name="StableDiffusionProvider generate should apply style-specific settings" time="0.003">
    </testcase>
    <testcase classname="StableDiffusionProvider generate should calculate size-based costs correctly" name="StableDiffusionProvider generate should calculate size-based costs correctly" time="0">
    </testcase>
    <testcase classname="StableDiffusionProvider generate should retry on transient errors" name="StableDiffusionProvider generate should retry on transient errors" time="2.004">
    </testcase>
    <testcase classname="StableDiffusionProvider generate should handle timeout errors with retry" name="StableDiffusionProvider generate should handle timeout errors with retry" time="2.005">
    </testcase>
    <testcase classname="StableDiffusionProvider generate should handle NSFW content errors" name="StableDiffusionProvider generate should handle NSFW content errors" time="0.002">
    </testcase>
    <testcase classname="StableDiffusionProvider generate should handle insufficient credits" name="StableDiffusionProvider generate should handle insufficient credits" time="0.001">
    </testcase>
    <testcase classname="StableDiffusionProvider generate should validate generated image URLs" name="StableDiffusionProvider generate should validate generated image URLs" time="0.002">
    </testcase>
    <testcase classname="StableDiffusionProvider generate should handle empty output" name="StableDiffusionProvider generate should handle empty output" time="0.001">
    </testcase>
    <testcase classname="StableDiffusionProvider generate should use seed when provided" name="StableDiffusionProvider generate should use seed when provided" time="0.001">
    </testcase>
    <testcase classname="StableDiffusionProvider isAvailable should check API availability" name="StableDiffusionProvider isAvailable should check API availability" time="0">
    </testcase>
    <testcase classname="StableDiffusionProvider isAvailable should fallback to secondary key" name="StableDiffusionProvider isAvailable should fallback to secondary key" time="0.001">
    </testcase>
    <testcase classname="StableDiffusionProvider isAvailable should return false when no keys work" name="StableDiffusionProvider isAvailable should return false when no keys work" time="0">
    </testcase>
    <testcase classname="StableDiffusionProvider prompt enhancement should add style modifiers to prompts" name="StableDiffusionProvider prompt enhancement should add style modifiers to prompts" time="0.002">
    </testcase>
  </testsuite>
  <testsuite name="DallE3Provider" errors="0" failures="0" skipped="1" timestamp="2025-06-30T06:05:11" time="8.898" tests="15">
    <testcase classname="DallE3Provider generate should generate an image successfully" name="DallE3Provider generate should generate an image successfully" time="0.004">
    </testcase>
    <testcase classname="DallE3Provider generate should handle HD quality pricing correctly" name="DallE3Provider generate should handle HD quality pricing correctly" time="0">
    </testcase>
    <testcase classname="DallE3Provider generate should map sizes correctly for DALL-E 3" name="DallE3Provider generate should map sizes correctly for DALL-E 3" time="0.005">
    </testcase>
    <testcase classname="DallE3Provider generate should retry on transient errors" name="DallE3Provider generate should retry on transient errors" time="2.002">
    </testcase>
    <testcase classname="DallE3Provider generate should handle rate limit errors" name="DallE3Provider generate should handle rate limit errors" time="6.003">
    </testcase>
    <testcase classname="DallE3Provider generate should handle content policy violations" name="DallE3Provider generate should handle content policy violations" time="0.001">
    </testcase>
    <testcase classname="DallE3Provider generate should validate URLs before returning" name="DallE3Provider generate should validate URLs before returning" time="0.001">
    </testcase>
    <testcase classname="DallE3Provider generate should timeout after 60 seconds" name="DallE3Provider generate should timeout after 60 seconds" time="0">
      <skipped/>
    </testcase>
    <testcase classname="DallE3Provider validatePrompt should reject prompts with banned words" name="DallE3Provider validatePrompt should reject prompts with banned words" time="0.001">
    </testcase>
    <testcase classname="DallE3Provider validatePrompt should accept valid prompts" name="DallE3Provider validatePrompt should accept valid prompts" time="0">
    </testcase>
    <testcase classname="DallE3Provider validatePrompt should reject empty or too long prompts" name="DallE3Provider validatePrompt should reject empty or too long prompts" time="0.001">
    </testcase>
    <testcase classname="DallE3Provider isAvailable should check API availability" name="DallE3Provider isAvailable should check API availability" time="0">
    </testcase>
    <testcase classname="DallE3Provider isAvailable should fallback to secondary key on failure" name="DallE3Provider isAvailable should fallback to secondary key on failure" time="0.001">
    </testcase>
    <testcase classname="DallE3Provider isAvailable should return false when no keys work" name="DallE3Provider isAvailable should return false when no keys work" time="0">
    </testcase>
    <testcase classname="DallE3Provider estimateCost should calculate costs correctly" name="DallE3Provider estimateCost should calculate costs correctly" time="0">
    </testcase>
  </testsuite>
</testsuites>